2024-11-17 21:02:31.832 | DEBUG    | __main__:task1:302 - os.cpu_count(): 256
2024-11-17 21:02:31.832 | DEBUG    | __main__:task1:303 - torch.get_num_threads(): 28
2024-11-17 21:02:33.711 | DEBUG    | utils:wrapper_measure_runtime:31 - Execution of load_chunk took 1.776s.
2024-11-17 21:02:34.919 | DEBUG    | utils:wrapper_measure_runtime:31 - Execution of load_chunk took 0.9359s.
2024-11-17 21:02:36.495 | DEBUG    | utils:wrapper_measure_runtime:31 - Execution of load_chunk took 1.296s.
2024-11-17 21:02:37.642 | DEBUG    | utils:wrapper_measure_runtime:31 - Execution of load_chunk took 0.91163s.
2024-11-17 21:02:38.744 | DEBUG    | utils:wrapper_measure_runtime:31 - Execution of load_chunk took 0.83055s.
2024-11-17 21:02:39.813 | DEBUG    | utils:wrapper_measure_runtime:31 - Execution of load_chunk took 0.80707s.
2024-11-17 21:02:40.950 | DEBUG    | utils:wrapper_measure_runtime:31 - Execution of load_chunk took 0.85487s.
2024-11-17 21:02:42.135 | DEBUG    | utils:wrapper_measure_runtime:31 - Execution of load_chunk took 0.84424s.
2024-11-17 21:02:43.240 | DEBUG    | utils:wrapper_measure_runtime:31 - Execution of load_chunk took 0.83156s.
2024-11-17 21:02:44.333 | DEBUG    | utils:wrapper_measure_runtime:31 - Execution of load_chunk took 0.8278s.
2024-11-17 21:02:45.441 | DEBUG    | utils:wrapper_measure_runtime:31 - Execution of load_chunk took 0.84403s.
2024-11-17 21:02:46.589 | DEBUG    | utils:wrapper_measure_runtime:31 - Execution of load_chunk took 0.88427s.
2024-11-17 21:02:47.743 | DEBUG    | utils:wrapper_measure_runtime:31 - Execution of load_chunk took 0.87787s.
2024-11-17 21:02:48.881 | DEBUG    | utils:wrapper_measure_runtime:31 - Execution of load_chunk took 0.87531s.
2024-11-17 21:02:50.027 | DEBUG    | utils:wrapper_measure_runtime:31 - Execution of load_chunk took 0.85626s.
2024-11-17 21:02:51.204 | DEBUG    | utils:wrapper_measure_runtime:31 - Execution of load_chunk took 0.85886s.
2024-11-17 21:02:52.388 | DEBUG    | utils:wrapper_measure_runtime:31 - Execution of load_chunk took 0.88553s.
2024-11-17 21:02:53.523 | DEBUG    | utils:wrapper_measure_runtime:31 - Execution of load_chunk took 0.82761s.
2024-11-17 21:02:54.647 | DEBUG    | utils:wrapper_measure_runtime:31 - Execution of load_chunk took 0.84583s.
2024-11-17 21:02:55.750 | DEBUG    | utils:wrapper_measure_runtime:31 - Execution of load_chunk took 0.81663s.
2024-11-17 21:02:56.869 | DEBUG    | utils:wrapper_measure_runtime:31 - Execution of load_chunk took 0.84915s.
2024-11-17 21:02:58.058 | DEBUG    | utils:wrapper_measure_runtime:31 - Execution of load_chunk took 0.87286s.
2024-11-17 21:02:59.192 | DEBUG    | utils:wrapper_measure_runtime:31 - Execution of load_chunk took 0.81758s.
2024-11-17 21:03:00.323 | DEBUG    | utils:wrapper_measure_runtime:31 - Execution of load_chunk took 0.8244s.
2024-11-17 21:03:01.450 | DEBUG    | utils:wrapper_measure_runtime:31 - Execution of load_chunk took 0.82904s.
2024-11-17 21:03:02.562 | DEBUG    | utils:wrapper_measure_runtime:31 - Execution of load_chunk took 0.82155s.
2024-11-17 21:03:03.621 | DEBUG    | utils:wrapper_measure_runtime:31 - Execution of load_chunk took 0.82622s.
2024-11-17 21:03:04.685 | DEBUG    | utils:wrapper_measure_runtime:31 - Execution of load_chunk took 0.81854s.
2024-11-17 21:03:05.770 | DEBUG    | utils:wrapper_measure_runtime:31 - Execution of load_chunk took 0.81872s.
2024-11-17 21:03:06.861 | DEBUG    | utils:wrapper_measure_runtime:31 - Execution of load_chunk took 0.81764s.
2024-11-17 21:03:07.954 | DEBUG    | utils:wrapper_measure_runtime:31 - Execution of load_chunk took 0.81418s.
2024-11-17 21:03:09.033 | DEBUG    | utils:wrapper_measure_runtime:31 - Execution of load_chunk took 0.81038s.
2024-11-17 21:03:10.102 | DEBUG    | utils:wrapper_measure_runtime:31 - Execution of load_chunk took 0.81471s.
2024-11-17 21:03:11.183 | DEBUG    | utils:wrapper_measure_runtime:31 - Execution of load_chunk took 0.81808s.
2024-11-17 21:03:12.259 | DEBUG    | utils:wrapper_measure_runtime:31 - Execution of load_chunk took 0.81459s.
2024-11-17 21:03:13.341 | DEBUG    | utils:wrapper_measure_runtime:31 - Execution of load_chunk took 0.82049s.
2024-11-17 21:03:14.416 | DEBUG    | utils:wrapper_measure_runtime:31 - Execution of load_chunk took 0.81748s.
2024-11-17 21:03:15.458 | DEBUG    | utils:wrapper_measure_runtime:31 - Execution of load_chunk took 0.81628s.
2024-11-17 21:03:16.532 | DEBUG    | utils:wrapper_measure_runtime:31 - Execution of load_chunk took 0.8154s.
2024-11-17 21:03:17.635 | DEBUG    | utils:wrapper_measure_runtime:31 - Execution of load_chunk took 0.84019s.
2024-11-17 21:03:18.726 | DEBUG    | utils:wrapper_measure_runtime:31 - Execution of load_chunk took 0.83335s.
2024-11-17 21:03:19.813 | DEBUG    | utils:wrapper_measure_runtime:31 - Execution of load_chunk took 0.82989s.
2024-11-17 21:03:20.901 | DEBUG    | utils:wrapper_measure_runtime:31 - Execution of load_chunk took 0.83177s.
2024-11-17 21:03:21.959 | DEBUG    | utils:wrapper_measure_runtime:31 - Execution of load_chunk took 0.82805s.
2024-11-17 21:03:22.960 | DEBUG    | utils:wrapper_measure_runtime:31 - Execution of load_chunk took 0.82244s.
2024-11-17 21:03:23.970 | DEBUG    | utils:wrapper_measure_runtime:31 - Execution of load_chunk took 0.83169s.
2024-11-17 21:03:25.055 | DEBUG    | utils:wrapper_measure_runtime:31 - Execution of load_chunk took 0.82217s.
2024-11-17 21:03:26.150 | DEBUG    | utils:wrapper_measure_runtime:31 - Execution of load_chunk took 0.84097s.
2024-11-17 21:03:27.230 | DEBUG    | utils:wrapper_measure_runtime:31 - Execution of load_chunk took 0.82755s.
2024-11-17 21:03:28.413 | DEBUG    | utils:wrapper_measure_runtime:31 - Execution of load_chunk took 0.92791s.
2024-11-17 21:03:29.522 | DEBUG    | utils:wrapper_measure_runtime:31 - Execution of load_chunk took 0.85495s.
2024-11-17 21:03:30.620 | DEBUG    | utils:wrapper_measure_runtime:31 - Execution of load_chunk took 0.83959s.
2024-11-17 21:03:31.703 | DEBUG    | utils:wrapper_measure_runtime:31 - Execution of load_chunk took 0.82585s.
2024-11-17 21:03:32.870 | DEBUG    | utils:wrapper_measure_runtime:31 - Execution of load_chunk took 0.90832s.
2024-11-17 21:03:33.982 | DEBUG    | utils:wrapper_measure_runtime:31 - Execution of load_chunk took 0.83563s.
2024-11-17 21:03:35.101 | DEBUG    | utils:wrapper_measure_runtime:31 - Execution of load_chunk took 0.82936s.
2024-11-17 21:03:36.201 | DEBUG    | utils:wrapper_measure_runtime:31 - Execution of load_chunk took 0.83522s.
2024-11-17 21:03:37.292 | DEBUG    | utils:wrapper_measure_runtime:31 - Execution of load_chunk took 0.83329s.
2024-11-17 21:03:38.404 | DEBUG    | utils:wrapper_measure_runtime:31 - Execution of load_chunk took 0.8528s.
2024-11-17 21:03:39.601 | DEBUG    | utils:wrapper_measure_runtime:31 - Execution of load_chunk took 0.92393s.
2024-11-17 21:03:40.752 | DEBUG    | utils:wrapper_measure_runtime:31 - Execution of load_chunk took 0.8674s.
2024-11-17 21:03:41.912 | DEBUG    | utils:wrapper_measure_runtime:31 - Execution of load_chunk took 0.8777s.
2024-11-17 21:03:43.063 | DEBUG    | utils:wrapper_measure_runtime:31 - Execution of load_chunk took 0.86388s.
2024-11-17 21:03:44.196 | DEBUG    | utils:wrapper_measure_runtime:31 - Execution of load_chunk took 0.86146s.
2024-11-17 21:03:45.329 | DEBUG    | utils:wrapper_measure_runtime:31 - Execution of load_chunk took 0.86163s.
2024-11-17 21:03:46.487 | DEBUG    | utils:wrapper_measure_runtime:31 - Execution of load_chunk took 0.85049s.
2024-11-17 21:03:47.589 | DEBUG    | utils:wrapper_measure_runtime:31 - Execution of load_chunk took 0.84415s.
2024-11-17 21:03:48.687 | DEBUG    | utils:wrapper_measure_runtime:31 - Execution of load_chunk took 0.84201s.
2024-11-17 21:03:49.791 | DEBUG    | utils:wrapper_measure_runtime:31 - Execution of load_chunk took 0.84247s.
2024-11-17 21:03:50.881 | DEBUG    | utils:wrapper_measure_runtime:31 - Execution of load_chunk took 0.83247s.
2024-11-17 21:03:52.013 | DEBUG    | utils:wrapper_measure_runtime:31 - Execution of load_chunk took 0.81788s.
2024-11-17 21:03:53.169 | DEBUG    | utils:wrapper_measure_runtime:31 - Execution of load_chunk took 0.81782s.
2024-11-17 21:03:54.336 | DEBUG    | utils:wrapper_measure_runtime:31 - Execution of load_chunk took 0.83862s.
2024-11-17 21:03:55.458 | DEBUG    | utils:wrapper_measure_runtime:31 - Execution of load_chunk took 0.8391s.
2024-11-17 21:03:56.555 | DEBUG    | utils:wrapper_measure_runtime:31 - Execution of load_chunk took 0.84206s.
2024-11-17 21:03:57.649 | DEBUG    | utils:wrapper_measure_runtime:31 - Execution of load_chunk took 0.84009s.
2024-11-17 21:03:58.740 | DEBUG    | utils:wrapper_measure_runtime:31 - Execution of load_chunk took 0.83544s.
2024-11-17 21:03:59.834 | DEBUG    | utils:wrapper_measure_runtime:31 - Execution of load_chunk took 0.83367s.
2024-11-17 21:04:00.933 | DEBUG    | utils:wrapper_measure_runtime:31 - Execution of load_chunk took 0.84008s.
2024-11-17 21:04:02.012 | DEBUG    | utils:wrapper_measure_runtime:31 - Execution of load_chunk took 0.81907s.
2024-11-17 21:04:03.095 | DEBUG    | utils:wrapper_measure_runtime:31 - Execution of load_chunk took 0.82847s.
2024-11-17 21:04:04.180 | DEBUG    | utils:wrapper_measure_runtime:31 - Execution of load_chunk took 0.83078s.
2024-11-17 21:04:05.258 | DEBUG    | utils:wrapper_measure_runtime:31 - Execution of load_chunk took 0.81956s.
2024-11-17 21:04:06.347 | DEBUG    | utils:wrapper_measure_runtime:31 - Execution of load_chunk took 0.82787s.
2024-11-17 21:04:07.434 | DEBUG    | utils:wrapper_measure_runtime:31 - Execution of load_chunk took 0.82676s.
2024-11-17 21:04:08.520 | DEBUG    | utils:wrapper_measure_runtime:31 - Execution of load_chunk took 0.82704s.
2024-11-17 21:04:09.599 | DEBUG    | utils:wrapper_measure_runtime:31 - Execution of load_chunk took 0.8195s.
2024-11-17 21:04:10.686 | DEBUG    | utils:wrapper_measure_runtime:31 - Execution of load_chunk took 0.82482s.
2024-11-17 21:04:11.785 | DEBUG    | utils:wrapper_measure_runtime:31 - Execution of load_chunk took 0.82178s.
2024-11-17 21:04:12.936 | DEBUG    | utils:wrapper_measure_runtime:31 - Execution of load_chunk took 0.83275s.
2024-11-17 21:04:14.028 | DEBUG    | utils:wrapper_measure_runtime:31 - Execution of load_chunk took 0.82972s.
2024-11-17 21:04:15.118 | DEBUG    | utils:wrapper_measure_runtime:31 - Execution of load_chunk took 0.82195s.
2024-11-17 21:04:16.217 | DEBUG    | utils:wrapper_measure_runtime:31 - Execution of load_chunk took 0.82567s.
2024-11-17 21:04:17.296 | DEBUG    | utils:wrapper_measure_runtime:31 - Execution of load_chunk took 0.81916s.
2024-11-17 21:04:18.374 | DEBUG    | utils:wrapper_measure_runtime:31 - Execution of load_chunk took 0.82143s.
2024-11-17 21:04:19.462 | DEBUG    | utils:wrapper_measure_runtime:31 - Execution of load_chunk took 0.83147s.
2024-11-17 21:04:20.637 | DEBUG    | utils:wrapper_measure_runtime:31 - Execution of load_chunk took 0.91403s.
2024-11-17 21:04:22.391 | DEBUG    | utils:wrapper_measure_runtime:31 - Execution of load_chunk took 1.4913s.
2024-11-17 21:04:24.070 | DEBUG    | utils:wrapper_measure_runtime:31 - Execution of load_chunk took 1.4129s.
2024-11-17 21:04:25.631 | DEBUG    | utils:wrapper_measure_runtime:31 - Execution of load_chunk took 1.3014s.
2024-11-17 21:04:27.066 | DEBUG    | utils:wrapper_measure_runtime:31 - Execution of load_chunk took 1.1768s.
2024-11-17 21:04:28.506 | DEBUG    | utils:wrapper_measure_runtime:31 - Execution of load_chunk took 1.179s.
2024-11-17 21:04:29.049 | DEBUG    | utils:wrapper_measure_runtime:31 - Execution of load_chunk took 0.29361s.
2024-11-17 21:04:29.140 | DEBUG    | utils:wrapper_measure_runtime:31 - Execution of sample_train_subset took 117.31s.
2024-11-17 21:04:29.141 | DEBUG    | __main__:create:266 - Training on 1000000 subset from 102144212 dataset
2024-11-17 21:17:02.571 | DEBUG    | utils:wrapper_measure_runtime:31 - Execution of _run_kmeans took 753.43s.
2024-11-17 21:17:04.812 | DEBUG    | __main__:_train_model:78 - Epochs: 15
2024-11-17 21:21:30.249 | DEBUG    | __main__:_train_model:87 - Epoch 0 | Loss 0.83511883020401
2024-11-17 21:25:24.892 | DEBUG    | __main__:_train_model:87 - Epoch 1 | Loss 0.699594259262085
2024-11-17 21:29:58.847 | DEBUG    | __main__:_train_model:87 - Epoch 2 | Loss 0.5258813500404358
2024-11-17 21:35:31.429 | DEBUG    | __main__:_train_model:87 - Epoch 3 | Loss 0.30016180872917175
2024-11-17 21:41:01.812 | DEBUG    | __main__:_train_model:87 - Epoch 4 | Loss 0.3731708824634552
2024-11-17 21:45:31.774 | DEBUG    | __main__:_train_model:87 - Epoch 5 | Loss 0.2017883062362671
2024-11-17 21:51:14.298 | DEBUG    | __main__:_train_model:87 - Epoch 6 | Loss 0.16465619206428528
2024-11-17 21:55:53.872 | DEBUG    | __main__:_train_model:87 - Epoch 7 | Loss 0.124700628221035
2024-11-17 22:01:13.744 | DEBUG    | __main__:_train_model:87 - Epoch 8 | Loss 0.09883499890565872
2024-11-17 22:06:44.886 | DEBUG    | __main__:_train_model:87 - Epoch 9 | Loss 0.16055402159690857
2024-11-17 22:11:00.350 | DEBUG    | __main__:_train_model:87 - Epoch 10 | Loss 0.05050217732787132
2024-11-17 22:15:43.951 | DEBUG    | __main__:_train_model:87 - Epoch 11 | Loss 0.09754588454961777
2024-11-17 22:21:39.813 | DEBUG    | __main__:_train_model:87 - Epoch 12 | Loss 0.06142159551382065
2024-11-17 22:26:57.569 | DEBUG    | __main__:_train_model:87 - Epoch 13 | Loss 0.08722627907991409
2024-11-17 22:31:15.637 | DEBUG    | __main__:_train_model:87 - Epoch 14 | Loss 0.030851125717163086
2024-11-17 22:31:15.637 | DEBUG    | __main__:_train_model:89 - Finished training
2024-11-17 22:31:15.637 | DEBUG    | utils:wrapper_measure_runtime:31 - Execution of _train_model took 4453.0s.
2024-11-17 22:31:15.941 | DEBUG    | __main__:_create_buckets:212 - Started bucket creation
2024-11-17 22:31:16.907 | DEBUG    | utils:wrapper_measure_runtime:31 - Execution of load_chunk took 0.96569s.
2024-11-17 22:31:38.907 | DEBUG    | utils:wrapper_measure_runtime:31 - Execution of _label_data took 22.965s.
2024-11-17 22:31:39.791 | DEBUG    | utils:wrapper_measure_runtime:31 - Execution of load_chunk took 0.8717s.
2024-11-17 22:32:01.866 | DEBUG    | utils:wrapper_measure_runtime:31 - Execution of _label_data took 22.947s.
2024-11-17 22:32:02.776 | DEBUG    | utils:wrapper_measure_runtime:31 - Execution of load_chunk took 0.90839s.
2024-11-17 22:32:23.376 | DEBUG    | utils:wrapper_measure_runtime:31 - Execution of _label_data took 21.509s.
2024-11-17 22:32:24.228 | DEBUG    | utils:wrapper_measure_runtime:31 - Execution of load_chunk took 0.84358s.
2024-11-17 22:32:46.729 | DEBUG    | utils:wrapper_measure_runtime:31 - Execution of _label_data took 23.345s.
2024-11-17 22:32:47.597 | DEBUG    | utils:wrapper_measure_runtime:31 - Execution of load_chunk took 0.85966s.
2024-11-17 22:33:07.882 | DEBUG    | utils:wrapper_measure_runtime:31 - Execution of _label_data took 21.145s.
2024-11-17 22:33:08.714 | DEBUG    | utils:wrapper_measure_runtime:31 - Execution of load_chunk took 0.81805s.
2024-11-17 22:33:30.960 | DEBUG    | utils:wrapper_measure_runtime:31 - Execution of _label_data took 23.065s.
2024-11-17 22:33:31.797 | DEBUG    | utils:wrapper_measure_runtime:31 - Execution of load_chunk took 0.82604s.
2024-11-17 22:33:53.071 | DEBUG    | utils:wrapper_measure_runtime:31 - Execution of _label_data took 22.1s.
2024-11-17 22:33:53.892 | DEBUG    | utils:wrapper_measure_runtime:31 - Execution of load_chunk took 0.80794s.
2024-11-17 22:34:15.426 | DEBUG    | utils:wrapper_measure_runtime:31 - Execution of _label_data took 22.342s.
2024-11-17 22:34:16.252 | DEBUG    | utils:wrapper_measure_runtime:31 - Execution of load_chunk took 0.81348s.
2024-11-17 22:34:38.021 | DEBUG    | utils:wrapper_measure_runtime:31 - Execution of _label_data took 22.582s.
2024-11-17 22:34:38.844 | DEBUG    | utils:wrapper_measure_runtime:31 - Execution of load_chunk took 0.80596s.
2024-11-17 22:35:00.163 | DEBUG    | utils:wrapper_measure_runtime:31 - Execution of _label_data took 22.126s.
2024-11-17 22:35:00.998 | DEBUG    | utils:wrapper_measure_runtime:31 - Execution of load_chunk took 0.82353s.
2024-11-17 22:35:22.597 | DEBUG    | utils:wrapper_measure_runtime:31 - Execution of _label_data took 22.422s.
2024-11-17 22:35:23.502 | DEBUG    | utils:wrapper_measure_runtime:31 - Execution of load_chunk took 0.89221s.
2024-11-17 22:35:45.697 | DEBUG    | utils:wrapper_measure_runtime:31 - Execution of _label_data took 23.087s.
2024-11-17 22:35:46.535 | DEBUG    | utils:wrapper_measure_runtime:31 - Execution of load_chunk took 0.83642s.
2024-11-17 22:36:08.308 | DEBUG    | utils:wrapper_measure_runtime:31 - Execution of _label_data took 22.61s.
2024-11-17 22:36:09.168 | DEBUG    | utils:wrapper_measure_runtime:31 - Execution of load_chunk took 0.84919s.
2024-11-17 22:36:29.095 | DEBUG    | utils:wrapper_measure_runtime:31 - Execution of _label_data took 20.776s.
2024-11-17 22:36:29.949 | DEBUG    | utils:wrapper_measure_runtime:31 - Execution of load_chunk took 0.85238s.
2024-11-17 22:36:50.537 | DEBUG    | utils:wrapper_measure_runtime:31 - Execution of _label_data took 21.441s.
2024-11-17 22:36:51.378 | DEBUG    | utils:wrapper_measure_runtime:31 - Execution of load_chunk took 0.82835s.
2024-11-17 22:37:13.390 | DEBUG    | utils:wrapper_measure_runtime:31 - Execution of _label_data took 22.84s.
2024-11-17 22:37:14.348 | DEBUG    | utils:wrapper_measure_runtime:31 - Execution of load_chunk took 0.94909s.
2024-11-17 22:37:36.032 | DEBUG    | utils:wrapper_measure_runtime:31 - Execution of _label_data took 22.633s.
2024-11-17 22:37:36.995 | DEBUG    | utils:wrapper_measure_runtime:31 - Execution of load_chunk took 0.95018s.
2024-11-17 22:37:57.977 | DEBUG    | utils:wrapper_measure_runtime:31 - Execution of _label_data took 21.932s.
2024-11-17 22:37:58.838 | DEBUG    | utils:wrapper_measure_runtime:31 - Execution of load_chunk took 0.8437s.
2024-11-17 22:38:20.537 | DEBUG    | utils:wrapper_measure_runtime:31 - Execution of _label_data took 22.542s.
2024-11-17 22:38:21.422 | DEBUG    | utils:wrapper_measure_runtime:31 - Execution of load_chunk took 0.8687s.
2024-11-17 22:38:40.937 | DEBUG    | utils:wrapper_measure_runtime:31 - Execution of _label_data took 20.384s.
2024-11-17 22:38:41.767 | DEBUG    | utils:wrapper_measure_runtime:31 - Execution of load_chunk took 0.8196s.
2024-11-17 22:39:02.304 | DEBUG    | utils:wrapper_measure_runtime:31 - Execution of _label_data took 21.357s.
2024-11-17 22:39:03.160 | DEBUG    | utils:wrapper_measure_runtime:31 - Execution of load_chunk took 0.84496s.
2024-11-17 22:39:23.941 | DEBUG    | utils:wrapper_measure_runtime:31 - Execution of _label_data took 21.626s.
2024-11-17 22:39:24.780 | DEBUG    | utils:wrapper_measure_runtime:31 - Execution of load_chunk took 0.82561s.
2024-11-17 22:39:46.774 | DEBUG    | utils:wrapper_measure_runtime:31 - Execution of _label_data took 22.819s.
2024-11-17 22:39:47.613 | DEBUG    | utils:wrapper_measure_runtime:31 - Execution of load_chunk took 0.83014s.
2024-11-17 22:40:07.739 | DEBUG    | utils:wrapper_measure_runtime:31 - Execution of _label_data took 20.957s.
2024-11-17 22:40:08.584 | DEBUG    | utils:wrapper_measure_runtime:31 - Execution of load_chunk took 0.83685s.
2024-11-17 22:40:31.086 | DEBUG    | utils:wrapper_measure_runtime:31 - Execution of _label_data took 23.339s.
2024-11-17 22:40:31.915 | DEBUG    | utils:wrapper_measure_runtime:31 - Execution of load_chunk took 0.81562s.
2024-11-17 22:40:52.820 | DEBUG    | utils:wrapper_measure_runtime:31 - Execution of _label_data took 21.721s.
2024-11-17 22:40:53.632 | DEBUG    | utils:wrapper_measure_runtime:31 - Execution of load_chunk took 0.8045s.
2024-11-17 22:41:14.701 | DEBUG    | utils:wrapper_measure_runtime:31 - Execution of _label_data took 21.874s.
2024-11-17 22:41:15.514 | DEBUG    | utils:wrapper_measure_runtime:31 - Execution of load_chunk took 0.80337s.
2024-11-17 22:41:36.705 | DEBUG    | utils:wrapper_measure_runtime:31 - Execution of _label_data took 21.994s.
2024-11-17 22:41:37.523 | DEBUG    | utils:wrapper_measure_runtime:31 - Execution of load_chunk took 0.80577s.
2024-11-17 22:41:58.932 | DEBUG    | utils:wrapper_measure_runtime:31 - Execution of _label_data took 22.214s.
2024-11-17 22:41:59.716 | DEBUG    | utils:wrapper_measure_runtime:31 - Execution of load_chunk took 0.77996s.
2024-11-17 22:42:21.012 | DEBUG    | utils:wrapper_measure_runtime:31 - Execution of _label_data took 22.076s.
2024-11-17 22:42:21.838 | DEBUG    | utils:wrapper_measure_runtime:31 - Execution of load_chunk took 0.81502s.
2024-11-17 22:42:43.565 | DEBUG    | utils:wrapper_measure_runtime:31 - Execution of _label_data took 22.542s.
2024-11-17 22:42:44.377 | DEBUG    | utils:wrapper_measure_runtime:31 - Execution of load_chunk took 0.81018s.
2024-11-17 22:43:04.367 | DEBUG    | utils:wrapper_measure_runtime:31 - Execution of _label_data took 20.8s.
2024-11-17 22:43:05.184 | DEBUG    | utils:wrapper_measure_runtime:31 - Execution of load_chunk took 0.80515s.
2024-11-17 22:43:27.481 | DEBUG    | utils:wrapper_measure_runtime:31 - Execution of _label_data took 23.102s.
2024-11-17 22:43:28.328 | DEBUG    | utils:wrapper_measure_runtime:31 - Execution of load_chunk took 0.84537s.
2024-11-17 22:43:48.769 | DEBUG    | utils:wrapper_measure_runtime:31 - Execution of _label_data took 21.287s.
2024-11-17 22:43:49.658 | DEBUG    | utils:wrapper_measure_runtime:31 - Execution of load_chunk took 0.87866s.
2024-11-17 22:44:08.861 | DEBUG    | utils:wrapper_measure_runtime:31 - Execution of _label_data took 20.082s.
2024-11-17 22:44:09.664 | DEBUG    | utils:wrapper_measure_runtime:31 - Execution of load_chunk took 0.79015s.
2024-11-17 22:44:30.970 | DEBUG    | utils:wrapper_measure_runtime:31 - Execution of _label_data took 22.096s.
2024-11-17 22:44:31.782 | DEBUG    | utils:wrapper_measure_runtime:31 - Execution of load_chunk took 0.79893s.
2024-11-17 22:44:52.245 | DEBUG    | utils:wrapper_measure_runtime:31 - Execution of _label_data took 21.262s.
2024-11-17 22:44:53.057 | DEBUG    | utils:wrapper_measure_runtime:31 - Execution of load_chunk took 0.80494s.
2024-11-17 22:45:14.107 | DEBUG    | utils:wrapper_measure_runtime:31 - Execution of _label_data took 21.855s.
2024-11-17 22:45:14.933 | DEBUG    | utils:wrapper_measure_runtime:31 - Execution of load_chunk took 0.80717s.
2024-11-17 22:45:37.727 | DEBUG    | utils:wrapper_measure_runtime:31 - Execution of _label_data took 23.602s.
2024-11-17 22:45:38.639 | DEBUG    | utils:wrapper_measure_runtime:31 - Execution of load_chunk took 0.89978s.
2024-11-17 22:45:59.393 | DEBUG    | utils:wrapper_measure_runtime:31 - Execution of _label_data took 21.654s.
2024-11-17 22:46:00.221 | DEBUG    | utils:wrapper_measure_runtime:31 - Execution of load_chunk took 0.81201s.
2024-11-17 22:46:21.149 | DEBUG    | utils:wrapper_measure_runtime:31 - Execution of _label_data took 21.74s.
2024-11-17 22:46:21.977 | DEBUG    | utils:wrapper_measure_runtime:31 - Execution of load_chunk took 0.80987s.
2024-11-17 22:46:43.881 | DEBUG    | utils:wrapper_measure_runtime:31 - Execution of _label_data took 22.714s.
2024-11-17 22:46:44.693 | DEBUG    | utils:wrapper_measure_runtime:31 - Execution of load_chunk took 0.80242s.
2024-11-17 22:47:06.170 | DEBUG    | utils:wrapper_measure_runtime:31 - Execution of _label_data took 22.279s.
2024-11-17 22:47:06.988 | DEBUG    | utils:wrapper_measure_runtime:31 - Execution of load_chunk took 0.80532s.
2024-11-17 22:47:28.735 | DEBUG    | utils:wrapper_measure_runtime:31 - Execution of _label_data took 22.552s.
2024-11-17 22:47:29.558 | DEBUG    | utils:wrapper_measure_runtime:31 - Execution of load_chunk took 0.81109s.
2024-11-17 22:47:49.479 | DEBUG    | utils:wrapper_measure_runtime:31 - Execution of _label_data took 20.732s.
2024-11-17 22:47:50.275 | DEBUG    | utils:wrapper_measure_runtime:31 - Execution of load_chunk took 0.78272s.
2024-11-17 22:48:10.065 | DEBUG    | utils:wrapper_measure_runtime:31 - Execution of _label_data took 20.572s.
2024-11-17 22:48:10.953 | DEBUG    | utils:wrapper_measure_runtime:31 - Execution of load_chunk took 0.87617s.
2024-11-17 22:48:31.828 | DEBUG    | utils:wrapper_measure_runtime:31 - Execution of _label_data took 21.751s.
2024-11-17 22:48:32.706 | DEBUG    | utils:wrapper_measure_runtime:31 - Execution of load_chunk took 0.87642s.
2024-11-17 22:48:53.474 | DEBUG    | utils:wrapper_measure_runtime:31 - Execution of _label_data took 21.644s.
2024-11-17 22:48:54.374 | DEBUG    | utils:wrapper_measure_runtime:31 - Execution of load_chunk took 0.89217s.
2024-11-17 22:49:15.952 | DEBUG    | utils:wrapper_measure_runtime:31 - Execution of _label_data took 22.471s.
2024-11-17 22:49:16.847 | DEBUG    | utils:wrapper_measure_runtime:31 - Execution of load_chunk took 0.88107s.
2024-11-17 22:49:37.191 | DEBUG    | utils:wrapper_measure_runtime:31 - Execution of _label_data took 21.226s.
2024-11-17 22:49:38.088 | DEBUG    | utils:wrapper_measure_runtime:31 - Execution of load_chunk took 0.88536s.
2024-11-17 22:49:57.861 | DEBUG    | utils:wrapper_measure_runtime:31 - Execution of _label_data took 20.658s.
2024-11-17 22:49:58.741 | DEBUG    | utils:wrapper_measure_runtime:31 - Execution of load_chunk took 0.87824s.
2024-11-17 22:50:19.188 | DEBUG    | utils:wrapper_measure_runtime:31 - Execution of _label_data took 21.325s.
2024-11-17 22:50:20.081 | DEBUG    | utils:wrapper_measure_runtime:31 - Execution of load_chunk took 0.88223s.
2024-11-17 22:50:40.848 | DEBUG    | utils:wrapper_measure_runtime:31 - Execution of _label_data took 21.649s.
2024-11-17 22:50:41.728 | DEBUG    | utils:wrapper_measure_runtime:31 - Execution of load_chunk took 0.87856s.
2024-11-17 22:51:02.859 | DEBUG    | utils:wrapper_measure_runtime:31 - Execution of _label_data took 22.009s.
2024-11-17 22:51:03.755 | DEBUG    | utils:wrapper_measure_runtime:31 - Execution of load_chunk took 0.88428s.
2024-11-17 22:51:24.487 | DEBUG    | utils:wrapper_measure_runtime:31 - Execution of _label_data took 21.616s.
2024-11-17 22:51:25.337 | DEBUG    | utils:wrapper_measure_runtime:31 - Execution of load_chunk took 0.83111s.
2024-11-17 22:51:46.413 | DEBUG    | utils:wrapper_measure_runtime:31 - Execution of _label_data took 21.908s.
2024-11-17 22:51:47.239 | DEBUG    | utils:wrapper_measure_runtime:31 - Execution of load_chunk took 0.81562s.
2024-11-17 22:52:08.091 | DEBUG    | utils:wrapper_measure_runtime:31 - Execution of _label_data took 21.668s.
2024-11-17 22:52:08.924 | DEBUG    | utils:wrapper_measure_runtime:31 - Execution of load_chunk took 0.81947s.
2024-11-17 22:52:30.235 | DEBUG    | utils:wrapper_measure_runtime:31 - Execution of _label_data took 22.13s.
2024-11-17 22:52:31.081 | DEBUG    | utils:wrapper_measure_runtime:31 - Execution of load_chunk took 0.83928s.
2024-11-17 22:52:51.905 | DEBUG    | utils:wrapper_measure_runtime:31 - Execution of _label_data took 21.663s.
2024-11-17 22:52:52.775 | DEBUG    | utils:wrapper_measure_runtime:31 - Execution of load_chunk took 0.86067s.
2024-11-17 22:53:14.323 | DEBUG    | utils:wrapper_measure_runtime:31 - Execution of _label_data took 22.408s.
2024-11-17 22:53:15.146 | DEBUG    | utils:wrapper_measure_runtime:31 - Execution of load_chunk took 0.82177s.
2024-11-17 22:53:35.837 | DEBUG    | utils:wrapper_measure_runtime:31 - Execution of _label_data took 21.512s.
2024-11-17 22:53:36.699 | DEBUG    | utils:wrapper_measure_runtime:31 - Execution of load_chunk took 0.84804s.
2024-11-17 22:53:58.106 | DEBUG    | utils:wrapper_measure_runtime:31 - Execution of _label_data took 22.256s.
2024-11-17 22:53:58.970 | DEBUG    | utils:wrapper_measure_runtime:31 - Execution of load_chunk took 0.86216s.
2024-11-17 22:54:20.053 | DEBUG    | utils:wrapper_measure_runtime:31 - Execution of _label_data took 21.945s.
2024-11-17 22:54:20.881 | DEBUG    | utils:wrapper_measure_runtime:31 - Execution of load_chunk took 0.81552s.
2024-11-17 22:54:44.413 | DEBUG    | utils:wrapper_measure_runtime:31 - Execution of _label_data took 24.347s.
2024-11-17 22:54:45.245 | DEBUG    | utils:wrapper_measure_runtime:31 - Execution of load_chunk took 0.82427s.
2024-11-17 22:55:05.988 | DEBUG    | utils:wrapper_measure_runtime:31 - Execution of _label_data took 21.567s.
2024-11-17 22:55:06.832 | DEBUG    | utils:wrapper_measure_runtime:31 - Execution of load_chunk took 0.82455s.
2024-11-17 22:55:28.710 | DEBUG    | utils:wrapper_measure_runtime:31 - Execution of _label_data took 22.703s.
2024-11-17 22:55:29.552 | DEBUG    | utils:wrapper_measure_runtime:31 - Execution of load_chunk took 0.84105s.
2024-11-17 22:55:51.929 | DEBUG    | utils:wrapper_measure_runtime:31 - Execution of _label_data took 23.218s.
2024-11-17 22:55:52.782 | DEBUG    | utils:wrapper_measure_runtime:31 - Execution of load_chunk took 0.84331s.
2024-11-17 22:56:14.001 | DEBUG    | utils:wrapper_measure_runtime:31 - Execution of _label_data took 22.062s.
2024-11-17 22:56:14.854 | DEBUG    | utils:wrapper_measure_runtime:31 - Execution of load_chunk took 0.83921s.
2024-11-17 22:56:35.776 | DEBUG    | utils:wrapper_measure_runtime:31 - Execution of _label_data took 21.761s.
2024-11-17 22:56:36.607 | DEBUG    | utils:wrapper_measure_runtime:31 - Execution of load_chunk took 0.82772s.
2024-11-17 22:56:57.273 | DEBUG    | utils:wrapper_measure_runtime:31 - Execution of _label_data took 21.494s.
2024-11-17 22:56:58.116 | DEBUG    | utils:wrapper_measure_runtime:31 - Execution of load_chunk took 0.84238s.
2024-11-17 22:57:17.972 | DEBUG    | utils:wrapper_measure_runtime:31 - Execution of _label_data took 20.698s.
2024-11-17 22:57:18.801 | DEBUG    | utils:wrapper_measure_runtime:31 - Execution of load_chunk took 0.81599s.
2024-11-17 22:57:40.337 | DEBUG    | utils:wrapper_measure_runtime:31 - Execution of _label_data took 22.351s.
2024-11-17 22:57:41.179 | DEBUG    | utils:wrapper_measure_runtime:31 - Execution of load_chunk took 0.83158s.
2024-11-17 22:58:05.031 | DEBUG    | utils:wrapper_measure_runtime:31 - Execution of _label_data took 24.684s.
2024-11-17 22:58:05.874 | DEBUG    | utils:wrapper_measure_runtime:31 - Execution of load_chunk took 0.83173s.
2024-11-17 22:58:26.805 | DEBUG    | utils:wrapper_measure_runtime:31 - Execution of _label_data took 21.763s.
2024-11-17 22:58:27.651 | DEBUG    | utils:wrapper_measure_runtime:31 - Execution of load_chunk took 0.83618s.
2024-11-17 22:58:47.724 | DEBUG    | utils:wrapper_measure_runtime:31 - Execution of _label_data took 20.909s.
2024-11-17 22:58:48.581 | DEBUG    | utils:wrapper_measure_runtime:31 - Execution of load_chunk took 0.8505s.
2024-11-17 22:59:10.136 | DEBUG    | utils:wrapper_measure_runtime:31 - Execution of _label_data took 22.405s.
2024-11-17 22:59:11.033 | DEBUG    | utils:wrapper_measure_runtime:31 - Execution of load_chunk took 0.88439s.
2024-11-17 22:59:31.414 | DEBUG    | utils:wrapper_measure_runtime:31 - Execution of _label_data took 21.265s.
2024-11-17 22:59:32.346 | DEBUG    | utils:wrapper_measure_runtime:31 - Execution of load_chunk took 0.93066s.
2024-11-17 22:59:52.971 | DEBUG    | utils:wrapper_measure_runtime:31 - Execution of _label_data took 21.555s.
2024-11-17 22:59:53.849 | DEBUG    | utils:wrapper_measure_runtime:31 - Execution of load_chunk took 0.8665s.
2024-11-17 23:00:15.256 | DEBUG    | utils:wrapper_measure_runtime:31 - Execution of _label_data took 22.273s.
2024-11-17 23:00:16.101 | DEBUG    | utils:wrapper_measure_runtime:31 - Execution of load_chunk took 0.83212s.
2024-11-17 23:00:36.925 | DEBUG    | utils:wrapper_measure_runtime:31 - Execution of _label_data took 21.655s.
2024-11-17 23:00:37.761 | DEBUG    | utils:wrapper_measure_runtime:31 - Execution of load_chunk took 0.82418s.
2024-11-17 23:00:57.980 | DEBUG    | utils:wrapper_measure_runtime:31 - Execution of _label_data took 21.043s.
2024-11-17 23:00:58.813 | DEBUG    | utils:wrapper_measure_runtime:31 - Execution of load_chunk took 0.825s.
2024-11-17 23:01:21.384 | DEBUG    | utils:wrapper_measure_runtime:31 - Execution of _label_data took 23.396s.
2024-11-17 23:01:22.207 | DEBUG    | utils:wrapper_measure_runtime:31 - Execution of load_chunk took 0.81207s.
2024-11-17 23:01:42.250 | DEBUG    | utils:wrapper_measure_runtime:31 - Execution of _label_data took 20.856s.
2024-11-17 23:01:43.082 | DEBUG    | utils:wrapper_measure_runtime:31 - Execution of load_chunk took 0.8202s.
2024-11-17 23:02:07.008 | DEBUG    | utils:wrapper_measure_runtime:31 - Execution of _label_data took 24.746s.
2024-11-17 23:02:07.880 | DEBUG    | utils:wrapper_measure_runtime:31 - Execution of load_chunk took 0.86057s.
2024-11-17 23:02:27.881 | DEBUG    | utils:wrapper_measure_runtime:31 - Execution of _label_data took 20.862s.
2024-11-17 23:02:28.719 | DEBUG    | utils:wrapper_measure_runtime:31 - Execution of load_chunk took 0.82147s.
2024-11-17 23:02:51.342 | DEBUG    | utils:wrapper_measure_runtime:31 - Execution of _label_data took 23.445s.
2024-11-17 23:02:52.153 | DEBUG    | utils:wrapper_measure_runtime:31 - Execution of load_chunk took 0.79057s.
2024-11-17 23:03:13.666 | DEBUG    | utils:wrapper_measure_runtime:31 - Execution of _label_data took 22.303s.
2024-11-17 23:03:14.495 | DEBUG    | utils:wrapper_measure_runtime:31 - Execution of load_chunk took 0.81641s.
2024-11-17 23:03:36.043 | DEBUG    | utils:wrapper_measure_runtime:31 - Execution of _label_data took 22.365s.
2024-11-17 23:03:36.878 | DEBUG    | utils:wrapper_measure_runtime:31 - Execution of load_chunk took 0.81645s.
2024-11-17 23:03:57.674 | DEBUG    | utils:wrapper_measure_runtime:31 - Execution of _label_data took 21.613s.
2024-11-17 23:03:58.498 | DEBUG    | utils:wrapper_measure_runtime:31 - Execution of load_chunk took 0.82271s.
2024-11-17 23:04:18.928 | DEBUG    | utils:wrapper_measure_runtime:31 - Execution of _label_data took 21.253s.
2024-11-17 23:04:19.769 | DEBUG    | utils:wrapper_measure_runtime:31 - Execution of load_chunk took 0.82832s.
2024-11-17 23:04:40.571 | DEBUG    | utils:wrapper_measure_runtime:31 - Execution of _label_data took 21.63s.
2024-11-17 23:04:41.387 | DEBUG    | utils:wrapper_measure_runtime:31 - Execution of load_chunk took 0.8083s.
2024-11-17 23:05:02.005 | DEBUG    | utils:wrapper_measure_runtime:31 - Execution of _label_data took 21.426s.
2024-11-17 23:05:02.844 | DEBUG    | utils:wrapper_measure_runtime:31 - Execution of load_chunk took 0.82299s.
2024-11-17 23:05:23.364 | DEBUG    | utils:wrapper_measure_runtime:31 - Execution of _label_data took 21.343s.
2024-11-17 23:05:24.285 | DEBUG    | utils:wrapper_measure_runtime:31 - Execution of load_chunk took 0.91006s.
2024-11-17 23:05:45.657 | DEBUG    | utils:wrapper_measure_runtime:31 - Execution of _label_data took 22.282s.
2024-11-17 23:05:46.508 | DEBUG    | utils:wrapper_measure_runtime:31 - Execution of load_chunk took 0.84128s.
2024-11-17 23:06:08.794 | DEBUG    | utils:wrapper_measure_runtime:31 - Execution of _label_data took 23.127s.
2024-11-17 23:06:09.646 | DEBUG    | utils:wrapper_measure_runtime:31 - Execution of load_chunk took 0.84993s.
2024-11-17 23:06:30.038 | DEBUG    | utils:wrapper_measure_runtime:31 - Execution of _label_data took 21.242s.
2024-11-17 23:06:30.855 | DEBUG    | utils:wrapper_measure_runtime:31 - Execution of load_chunk took 0.80319s.
2024-11-17 23:06:51.694 | DEBUG    | utils:wrapper_measure_runtime:31 - Execution of _label_data took 21.642s.
2024-11-17 23:06:52.659 | DEBUG    | utils:wrapper_measure_runtime:31 - Execution of load_chunk took 0.95189s.
2024-11-17 23:07:14.256 | DEBUG    | utils:wrapper_measure_runtime:31 - Execution of _label_data took 22.549s.
2024-11-17 23:07:15.150 | DEBUG    | utils:wrapper_measure_runtime:31 - Execution of load_chunk took 0.89272s.
2024-11-17 23:07:35.968 | DEBUG    | utils:wrapper_measure_runtime:31 - Execution of _label_data took 21.711s.
2024-11-17 23:07:36.938 | DEBUG    | utils:wrapper_measure_runtime:31 - Execution of load_chunk took 0.95711s.
2024-11-17 23:07:59.000 | DEBUG    | utils:wrapper_measure_runtime:31 - Execution of _label_data took 23.019s.
2024-11-17 23:07:59.921 | DEBUG    | utils:wrapper_measure_runtime:31 - Execution of load_chunk took 0.90856s.
2024-11-17 23:08:20.642 | DEBUG    | utils:wrapper_measure_runtime:31 - Execution of _label_data took 21.63s.
2024-11-17 23:08:21.574 | DEBUG    | utils:wrapper_measure_runtime:31 - Execution of load_chunk took 0.92457s.
2024-11-17 23:08:42.612 | DEBUG    | utils:wrapper_measure_runtime:31 - Execution of _label_data took 21.963s.
2024-11-17 23:08:42.763 | DEBUG    | utils:wrapper_measure_runtime:31 - Execution of load_chunk took 0.14762s.
2024-11-17 23:08:45.842 | DEBUG    | utils:wrapper_measure_runtime:31 - Execution of _label_data took 3.2267s.
2024-11-17 23:08:49.146 | DEBUG    | __main__:_create_buckets:224 - label_t,2253.204112768173
2024-11-17 23:15:47.092 | DEBUG    | __main__:_create_buckets:230 - init_t,417.94604444503784
2024-11-17 23:15:47.094 | DEBUG    | __main__:_create_buckets:232 - First part done
2024-11-17 23:15:47.986 | DEBUG    | utils:wrapper_measure_runtime:31 - Execution of load_chunk took 0.89209s.
2024-11-17 23:15:52.715 | DEBUG    | utils:wrapper_measure_runtime:31 - Execution of load_chunk took 0.86723s.
2024-11-17 23:15:57.158 | DEBUG    | utils:wrapper_measure_runtime:31 - Execution of load_chunk took 0.86994s.
2024-11-17 23:16:01.658 | DEBUG    | utils:wrapper_measure_runtime:31 - Execution of load_chunk took 0.87778s.
2024-11-17 23:16:06.279 | DEBUG    | utils:wrapper_measure_runtime:31 - Execution of load_chunk took 0.89392s.
2024-11-17 23:16:10.787 | DEBUG    | utils:wrapper_measure_runtime:31 - Execution of load_chunk took 0.89533s.
2024-11-17 23:16:15.399 | DEBUG    | utils:wrapper_measure_runtime:31 - Execution of load_chunk took 0.88748s.
2024-11-17 23:16:19.788 | DEBUG    | utils:wrapper_measure_runtime:31 - Execution of load_chunk took 0.78576s.
2024-11-17 23:16:24.221 | DEBUG    | utils:wrapper_measure_runtime:31 - Execution of load_chunk took 0.78939s.
2024-11-17 23:16:28.624 | DEBUG    | utils:wrapper_measure_runtime:31 - Execution of load_chunk took 0.78002s.
2024-11-17 23:16:33.103 | DEBUG    | utils:wrapper_measure_runtime:31 - Execution of load_chunk took 0.81493s.
2024-11-17 23:16:37.435 | DEBUG    | utils:wrapper_measure_runtime:31 - Execution of load_chunk took 0.84772s.
2024-11-17 23:16:41.845 | DEBUG    | utils:wrapper_measure_runtime:31 - Execution of load_chunk took 0.84242s.
2024-11-17 23:16:46.125 | DEBUG    | utils:wrapper_measure_runtime:31 - Execution of load_chunk took 0.85386s.
2024-11-17 23:16:50.471 | DEBUG    | utils:wrapper_measure_runtime:31 - Execution of load_chunk took 0.82153s.
2024-11-17 23:16:54.783 | DEBUG    | utils:wrapper_measure_runtime:31 - Execution of load_chunk took 0.80534s.
2024-11-17 23:16:59.143 | DEBUG    | utils:wrapper_measure_runtime:31 - Execution of load_chunk took 0.86495s.
2024-11-17 23:17:03.405 | DEBUG    | utils:wrapper_measure_runtime:31 - Execution of load_chunk took 0.8426s.
2024-11-17 23:17:07.847 | DEBUG    | utils:wrapper_measure_runtime:31 - Execution of load_chunk took 0.84756s.
2024-11-17 23:17:12.158 | DEBUG    | utils:wrapper_measure_runtime:31 - Execution of load_chunk took 0.80395s.
2024-11-17 23:17:16.511 | DEBUG    | utils:wrapper_measure_runtime:31 - Execution of load_chunk took 0.79199s.
2024-11-17 23:17:20.850 | DEBUG    | utils:wrapper_measure_runtime:31 - Execution of load_chunk took 0.84435s.
2024-11-17 23:17:25.306 | DEBUG    | utils:wrapper_measure_runtime:31 - Execution of load_chunk took 0.84466s.
2024-11-17 23:17:29.705 | DEBUG    | utils:wrapper_measure_runtime:31 - Execution of load_chunk took 0.84342s.
2024-11-17 23:17:34.036 | DEBUG    | utils:wrapper_measure_runtime:31 - Execution of load_chunk took 0.79116s.
2024-11-17 23:17:38.437 | DEBUG    | utils:wrapper_measure_runtime:31 - Execution of load_chunk took 0.81819s.
2024-11-17 23:17:42.725 | DEBUG    | utils:wrapper_measure_runtime:31 - Execution of load_chunk took 0.78958s.
2024-11-17 23:17:47.110 | DEBUG    | utils:wrapper_measure_runtime:31 - Execution of load_chunk took 0.7804s.
2024-11-17 23:17:51.379 | DEBUG    | utils:wrapper_measure_runtime:31 - Execution of load_chunk took 0.77222s.
2024-11-17 23:17:55.811 | DEBUG    | utils:wrapper_measure_runtime:31 - Execution of load_chunk took 0.82075s.
2024-11-17 23:17:59.996 | DEBUG    | utils:wrapper_measure_runtime:31 - Execution of load_chunk took 0.78503s.
2024-11-17 23:18:04.486 | DEBUG    | utils:wrapper_measure_runtime:31 - Execution of load_chunk took 0.77068s.
2024-11-17 23:18:08.843 | DEBUG    | utils:wrapper_measure_runtime:31 - Execution of load_chunk took 0.78482s.
2024-11-17 23:18:13.122 | DEBUG    | utils:wrapper_measure_runtime:31 - Execution of load_chunk took 0.77702s.
2024-11-17 23:18:17.571 | DEBUG    | utils:wrapper_measure_runtime:31 - Execution of load_chunk took 0.78281s.
2024-11-17 23:18:21.918 | DEBUG    | utils:wrapper_measure_runtime:31 - Execution of load_chunk took 0.82575s.
2024-11-17 23:18:26.291 | DEBUG    | utils:wrapper_measure_runtime:31 - Execution of load_chunk took 0.81029s.
2024-11-17 23:18:30.637 | DEBUG    | utils:wrapper_measure_runtime:31 - Execution of load_chunk took 0.7906s.
2024-11-17 23:18:34.998 | DEBUG    | utils:wrapper_measure_runtime:31 - Execution of load_chunk took 0.79007s.
2024-11-17 23:18:39.296 | DEBUG    | utils:wrapper_measure_runtime:31 - Execution of load_chunk took 0.82207s.
2024-11-17 23:18:43.662 | DEBUG    | utils:wrapper_measure_runtime:31 - Execution of load_chunk took 0.82223s.
2024-11-17 23:18:48.028 | DEBUG    | utils:wrapper_measure_runtime:31 - Execution of load_chunk took 0.83939s.
2024-11-17 23:18:52.575 | DEBUG    | utils:wrapper_measure_runtime:31 - Execution of load_chunk took 0.85767s.
2024-11-17 23:18:57.082 | DEBUG    | utils:wrapper_measure_runtime:31 - Execution of load_chunk took 0.85178s.
2024-11-17 23:19:01.486 | DEBUG    | utils:wrapper_measure_runtime:31 - Execution of load_chunk took 0.8265s.
2024-11-17 23:19:05.820 | DEBUG    | utils:wrapper_measure_runtime:31 - Execution of load_chunk took 0.82586s.
2024-11-17 23:19:10.220 | DEBUG    | utils:wrapper_measure_runtime:31 - Execution of load_chunk took 0.84188s.
2024-11-17 23:19:14.575 | DEBUG    | utils:wrapper_measure_runtime:31 - Execution of load_chunk took 0.84791s.
2024-11-17 23:19:18.868 | DEBUG    | utils:wrapper_measure_runtime:31 - Execution of load_chunk took 0.8178s.
2024-11-17 23:19:23.094 | DEBUG    | utils:wrapper_measure_runtime:31 - Execution of load_chunk took 0.88542s.
2024-11-17 23:19:28.322 | DEBUG    | utils:wrapper_measure_runtime:31 - Execution of load_chunk took 1.7317s.
2024-11-17 23:19:33.491 | DEBUG    | utils:wrapper_measure_runtime:31 - Execution of load_chunk took 1.7747s.
2024-11-17 23:19:38.596 | DEBUG    | utils:wrapper_measure_runtime:31 - Execution of load_chunk took 1.6523s.
2024-11-17 23:19:43.655 | DEBUG    | utils:wrapper_measure_runtime:31 - Execution of load_chunk took 1.6792s.
2024-11-17 23:19:48.730 | DEBUG    | utils:wrapper_measure_runtime:31 - Execution of load_chunk took 1.6516s.
2024-11-17 23:19:53.329 | DEBUG    | utils:wrapper_measure_runtime:31 - Execution of load_chunk took 1.211s.
2024-11-17 23:19:57.700 | DEBUG    | utils:wrapper_measure_runtime:31 - Execution of load_chunk took 0.90729s.
2024-11-17 23:20:01.882 | DEBUG    | utils:wrapper_measure_runtime:31 - Execution of load_chunk took 0.8587s.
2024-11-17 23:20:06.223 | DEBUG    | utils:wrapper_measure_runtime:31 - Execution of load_chunk took 0.85406s.
2024-11-17 23:20:10.601 | DEBUG    | utils:wrapper_measure_runtime:31 - Execution of load_chunk took 0.88742s.
2024-11-17 23:20:15.150 | DEBUG    | utils:wrapper_measure_runtime:31 - Execution of load_chunk took 0.86744s.
2024-11-17 23:20:19.538 | DEBUG    | utils:wrapper_measure_runtime:31 - Execution of load_chunk took 0.85177s.
2024-11-17 23:20:23.973 | DEBUG    | utils:wrapper_measure_runtime:31 - Execution of load_chunk took 0.88638s.
2024-11-17 23:20:28.396 | DEBUG    | utils:wrapper_measure_runtime:31 - Execution of load_chunk took 0.88157s.
2024-11-17 23:20:32.956 | DEBUG    | utils:wrapper_measure_runtime:31 - Execution of load_chunk took 0.91556s.
2024-11-17 23:20:37.192 | DEBUG    | utils:wrapper_measure_runtime:31 - Execution of load_chunk took 0.83989s.
2024-11-17 23:20:41.637 | DEBUG    | utils:wrapper_measure_runtime:31 - Execution of load_chunk took 0.81631s.
2024-11-17 23:20:45.884 | DEBUG    | utils:wrapper_measure_runtime:31 - Execution of load_chunk took 0.80595s.
2024-11-17 23:20:50.271 | DEBUG    | utils:wrapper_measure_runtime:31 - Execution of load_chunk took 0.8816s.
2024-11-17 23:20:54.511 | DEBUG    | utils:wrapper_measure_runtime:31 - Execution of load_chunk took 0.9166s.
2024-11-17 23:20:58.969 | DEBUG    | utils:wrapper_measure_runtime:31 - Execution of load_chunk took 0.8907s.
2024-11-17 23:21:03.293 | DEBUG    | utils:wrapper_measure_runtime:31 - Execution of load_chunk took 0.86828s.
2024-11-17 23:21:07.607 | DEBUG    | utils:wrapper_measure_runtime:31 - Execution of load_chunk took 0.80465s.
2024-11-17 23:21:11.837 | DEBUG    | utils:wrapper_measure_runtime:31 - Execution of load_chunk took 0.87188s.
2024-11-17 23:21:16.118 | DEBUG    | utils:wrapper_measure_runtime:31 - Execution of load_chunk took 0.81331s.
2024-11-17 23:21:20.270 | DEBUG    | utils:wrapper_measure_runtime:31 - Execution of load_chunk took 0.89096s.
2024-11-17 23:21:24.674 | DEBUG    | utils:wrapper_measure_runtime:31 - Execution of load_chunk took 0.87049s.
2024-11-17 23:21:28.970 | DEBUG    | utils:wrapper_measure_runtime:31 - Execution of load_chunk took 0.85942s.
2024-11-17 23:21:33.268 | DEBUG    | utils:wrapper_measure_runtime:31 - Execution of load_chunk took 0.81126s.
2024-11-17 23:21:37.737 | DEBUG    | utils:wrapper_measure_runtime:31 - Execution of load_chunk took 0.86717s.
2024-11-17 23:21:42.168 | DEBUG    | utils:wrapper_measure_runtime:31 - Execution of load_chunk took 0.78185s.
2024-11-17 23:21:46.600 | DEBUG    | utils:wrapper_measure_runtime:31 - Execution of load_chunk took 0.81638s.
2024-11-17 23:21:51.194 | DEBUG    | utils:wrapper_measure_runtime:31 - Execution of load_chunk took 0.92162s.
2024-11-17 23:21:56.133 | DEBUG    | utils:wrapper_measure_runtime:31 - Execution of load_chunk took 1.1783s.
2024-11-17 23:22:00.955 | DEBUG    | utils:wrapper_measure_runtime:31 - Execution of load_chunk took 1.029s.
2024-11-17 23:22:05.618 | DEBUG    | utils:wrapper_measure_runtime:31 - Execution of load_chunk took 0.94008s.
2024-11-17 23:22:10.273 | DEBUG    | utils:wrapper_measure_runtime:31 - Execution of load_chunk took 0.97692s.
2024-11-17 23:22:14.940 | DEBUG    | utils:wrapper_measure_runtime:31 - Execution of load_chunk took 0.91986s.
2024-11-17 23:22:19.556 | DEBUG    | utils:wrapper_measure_runtime:31 - Execution of load_chunk took 0.89339s.
2024-11-17 23:22:24.256 | DEBUG    | utils:wrapper_measure_runtime:31 - Execution of load_chunk took 0.99321s.
2024-11-17 23:22:28.748 | DEBUG    | utils:wrapper_measure_runtime:31 - Execution of load_chunk took 0.91821s.
2024-11-17 23:22:33.453 | DEBUG    | utils:wrapper_measure_runtime:31 - Execution of load_chunk took 0.87871s.
2024-11-17 23:22:37.874 | DEBUG    | utils:wrapper_measure_runtime:31 - Execution of load_chunk took 0.81616s.
2024-11-17 23:22:42.589 | DEBUG    | utils:wrapper_measure_runtime:31 - Execution of load_chunk took 0.98803s.
2024-11-17 23:22:47.000 | DEBUG    | utils:wrapper_measure_runtime:31 - Execution of load_chunk took 0.87043s.
2024-11-17 23:22:51.723 | DEBUG    | utils:wrapper_measure_runtime:31 - Execution of load_chunk took 0.88128s.
2024-11-17 23:22:56.774 | DEBUG    | utils:wrapper_measure_runtime:31 - Execution of load_chunk took 1.0904s.
2024-11-17 23:23:01.684 | DEBUG    | utils:wrapper_measure_runtime:31 - Execution of load_chunk took 0.97072s.
2024-11-17 23:23:06.457 | DEBUG    | utils:wrapper_measure_runtime:31 - Execution of load_chunk took 1.1114s.
2024-11-17 23:23:11.089 | DEBUG    | utils:wrapper_measure_runtime:31 - Execution of load_chunk took 0.92495s.
2024-11-17 23:23:15.646 | DEBUG    | utils:wrapper_measure_runtime:31 - Execution of load_chunk took 0.97281s.
2024-11-17 23:23:20.274 | DEBUG    | utils:wrapper_measure_runtime:31 - Execution of load_chunk took 0.93573s.
2024-11-17 23:23:24.020 | DEBUG    | utils:wrapper_measure_runtime:31 - Execution of load_chunk took 0.16993s.
2024-11-17 23:23:26.301 | DEBUG    | __main__:_create_buckets:238 - fill_t,459.2066810131073
2024-11-17 23:23:26.391 | DEBUG    | utils:wrapper_measure_runtime:31 - Execution of _create_buckets took 3130.4s.
2024-11-17 23:23:26.391 | DEBUG    | utils:wrapper_measure_runtime:31 - Execution of create took 8454.6s.
2024-11-17 23:23:27.302 | DEBUG    | __main__:search:129 - predict_t, 0.2715029716491699
  0%|          | 0/10000 [00:00<?, ?it/s]  0%|          | 16/10000 [00:00<01:03, 157.12it/s]  0%|          | 32/10000 [00:00<01:11, 138.65it/s]  0%|          | 47/10000 [00:00<01:31, 109.28it/s]  1%|          | 60/10000 [00:00<01:28, 112.50it/s]  1%|          | 78/10000 [00:00<01:22, 121.00it/s]  1%|          | 92/10000 [00:00<01:19, 123.95it/s]  1%|          | 115/10000 [00:00<01:08, 145.29it/s]  1%|▏         | 130/10000 [00:01<01:12, 135.37it/s]  1%|▏         | 144/10000 [00:01<01:23, 118.25it/s]  2%|▏         | 157/10000 [00:01<01:25, 115.62it/s]  2%|▏         | 169/10000 [00:01<01:30, 108.12it/s]  2%|▏         | 185/10000 [00:01<01:23, 118.22it/s]  2%|▏         | 198/10000 [00:01<01:38, 99.05it/s]   2%|▏         | 213/10000 [00:01<01:38, 98.90it/s]  2%|▏         | 228/10000 [00:01<01:35, 102.74it/s]  2%|▏         | 244/10000 [00:02<01:35, 101.93it/s]  3%|▎         | 256/10000 [00:02<01:32, 105.64it/s]  3%|▎         | 271/10000 [00:02<01:33, 104.56it/s]  3%|▎         | 292/10000 [00:02<01:20, 121.19it/s]  3%|▎         | 308/10000 [00:02<01:15, 127.78it/s]  3%|▎         | 333/10000 [00:02<01:01, 156.12it/s]  4%|▎         | 351/10000 [00:02<01:03, 152.65it/s]  4%|▎         | 367/10000 [00:03<01:18, 122.31it/s]  4%|▍         | 381/10000 [00:03<01:24, 113.92it/s]  4%|▍         | 394/10000 [00:03<01:38, 97.14it/s]   4%|▍         | 412/10000 [00:03<01:26, 110.90it/s]  4%|▍         | 430/10000 [00:03<01:27, 109.98it/s]  4%|▍         | 442/10000 [00:03<01:30, 105.42it/s]  5%|▍         | 453/10000 [00:03<01:30, 105.33it/s]  5%|▍         | 465/10000 [00:04<01:29, 106.84it/s]  5%|▍         | 476/10000 [00:04<01:31, 104.01it/s]  5%|▍         | 487/10000 [00:04<01:30, 105.40it/s]  5%|▍         | 498/10000 [00:04<01:43, 91.93it/s]   5%|▌         | 524/10000 [00:04<01:13, 129.58it/s]  5%|▌         | 539/10000 [00:04<01:10, 133.40it/s]  6%|▌         | 554/10000 [00:04<01:13, 129.33it/s]  6%|▌         | 570/10000 [00:04<01:13, 127.61it/s]  6%|▌         | 584/10000 [00:05<01:19, 118.98it/s]  6%|▌         | 597/10000 [00:05<01:21, 116.03it/s]  6%|▌         | 613/10000 [00:05<01:21, 114.57it/s]  6%|▋         | 631/10000 [00:05<01:21, 115.52it/s]  6%|▋         | 646/10000 [00:05<01:21, 114.13it/s]  7%|▋         | 658/10000 [00:05<01:26, 108.55it/s]  7%|▋         | 677/10000 [00:05<01:17, 120.98it/s]  7%|▋         | 690/10000 [00:05<01:17, 120.31it/s]  7%|▋         | 705/10000 [00:06<01:23, 111.65it/s]  7%|▋         | 718/10000 [00:06<01:19, 116.07it/s]  7%|▋         | 734/10000 [00:06<01:16, 120.54it/s]  7%|▋         | 747/10000 [00:06<01:17, 119.28it/s]  8%|▊         | 760/10000 [00:06<01:26, 107.15it/s]  8%|▊         | 775/10000 [00:06<01:20, 114.01it/s]  8%|▊         | 787/10000 [00:06<01:40, 91.84it/s]   8%|▊         | 807/10000 [00:07<01:23, 110.35it/s]  8%|▊         | 826/10000 [00:07<01:17, 118.64it/s]  8%|▊         | 848/10000 [00:07<01:07, 134.98it/s]  9%|▊         | 863/10000 [00:07<01:11, 128.49it/s]  9%|▉         | 877/10000 [00:07<01:29, 102.03it/s]  9%|▉         | 893/10000 [00:07<01:27, 104.12it/s]  9%|▉         | 913/10000 [00:07<01:16, 118.16it/s]  9%|▉         | 926/10000 [00:08<01:21, 110.71it/s]  9%|▉         | 938/10000 [00:08<01:23, 109.08it/s] 10%|▉         | 952/10000 [00:08<01:21, 111.53it/s] 10%|▉         | 964/10000 [00:08<01:27, 103.10it/s] 10%|▉         | 975/10000 [00:08<01:30, 99.91it/s]  10%|▉         | 986/10000 [00:08<01:35, 94.56it/s] 10%|█         | 1001/10000 [00:08<01:24, 106.85it/s] 10%|█         | 1013/10000 [00:08<01:26, 104.14it/s] 10%|█         | 1033/10000 [00:08<01:09, 128.40it/s] 10%|█         | 1049/10000 [00:09<01:13, 121.03it/s] 11%|█         | 1062/10000 [00:09<01:23, 106.70it/s] 11%|█         | 1082/10000 [00:09<01:13, 120.62it/s] 11%|█         | 1100/10000 [00:09<01:08, 129.46it/s] 11%|█         | 1115/10000 [00:09<01:22, 107.50it/s] 11%|█▏        | 1143/10000 [00:09<01:02, 141.97it/s] 12%|█▏        | 1159/10000 [00:09<01:03, 139.78it/s] 12%|█▏        | 1174/10000 [00:10<01:09, 126.51it/s] 12%|█▏        | 1189/10000 [00:10<01:14, 118.91it/s] 12%|█▏        | 1202/10000 [00:10<01:14, 117.34it/s] 12%|█▏        | 1215/10000 [00:10<01:16, 114.23it/s] 12%|█▏        | 1227/10000 [00:10<01:22, 105.96it/s] 12%|█▏        | 1239/10000 [00:10<01:34, 92.77it/s]  13%|█▎        | 1260/10000 [00:10<01:17, 112.20it/s] 13%|█▎        | 1277/10000 [00:11<01:17, 112.08it/s] 13%|█▎        | 1295/10000 [00:11<01:10, 122.87it/s] 13%|█▎        | 1308/10000 [00:11<01:14, 116.46it/s] 13%|█▎        | 1320/10000 [00:11<01:14, 117.26it/s] 13%|█▎        | 1332/10000 [00:11<01:30, 95.74it/s]  13%|█▎        | 1346/10000 [00:11<01:22, 105.50it/s] 14%|█▎        | 1358/10000 [00:11<01:27, 98.69it/s]  14%|█▍        | 1378/10000 [00:12<01:11, 120.19it/s] 14%|█▍        | 1393/10000 [00:12<01:16, 112.36it/s] 14%|█▍        | 1407/10000 [00:12<01:19, 108.16it/s] 14%|█▍        | 1423/10000 [00:12<01:15, 114.06it/s] 14%|█▍        | 1435/10000 [00:12<01:16, 111.51it/s] 14%|█▍        | 1447/10000 [00:12<01:20, 106.61it/s] 15%|█▍        | 1458/10000 [00:12<01:23, 102.77it/s] 15%|█▍        | 1469/10000 [00:12<01:33, 91.36it/s]  15%|█▍        | 1494/10000 [00:13<01:05, 129.67it/s] 15%|█▌        | 1509/10000 [00:13<01:13, 115.48it/s] 15%|█▌        | 1525/10000 [00:13<01:10, 119.98it/s] 15%|█▌        | 1543/10000 [00:13<01:07, 125.31it/s] 16%|█▌        | 1557/10000 [00:13<01:08, 123.12it/s] 16%|█▌        | 1570/10000 [00:13<01:15, 111.40it/s] 16%|█▌        | 1582/10000 [00:13<01:24, 99.98it/s]  16%|█▌        | 1593/10000 [00:14<01:26, 96.83it/s] 16%|█▌        | 1604/10000 [00:14<01:31, 91.65it/s] 16%|█▌        | 1619/10000 [00:14<01:19, 105.50it/s] 16%|█▋        | 1633/10000 [00:14<01:19, 105.37it/s] 17%|█▋        | 1651/10000 [00:14<01:14, 111.76it/s] 17%|█▋        | 1672/10000 [00:14<01:12, 115.65it/s] 17%|█▋        | 1684/10000 [00:14<01:21, 101.92it/s] 17%|█▋        | 1705/10000 [00:15<01:15, 109.52it/s] 17%|█▋        | 1725/10000 [00:15<01:07, 122.19it/s] 17%|█▋        | 1741/10000 [00:15<01:11, 116.21it/s] 18%|█▊        | 1761/10000 [00:15<01:07, 122.45it/s] 18%|█▊        | 1780/10000 [00:15<01:08, 119.29it/s] 18%|█▊        | 1797/10000 [00:15<01:06, 123.77it/s] 18%|█▊        | 1811/10000 [00:15<01:04, 127.33it/s] 18%|█▊        | 1826/10000 [00:15<01:06, 122.28it/s] 18%|█▊        | 1842/10000 [00:16<01:03, 128.10it/s] 19%|█▊        | 1856/10000 [00:16<01:05, 124.47it/s] 19%|█▊        | 1869/10000 [00:16<01:07, 121.06it/s] 19%|█▉        | 1887/10000 [00:16<01:07, 119.93it/s] 19%|█▉        | 1908/10000 [00:16<00:58, 137.66it/s] 19%|█▉        | 1924/10000 [00:16<01:00, 132.78it/s] 19%|█▉        | 1946/10000 [00:16<00:55, 145.97it/s] 20%|█▉        | 1962/10000 [00:16<00:56, 142.78it/s] 20%|█▉        | 1977/10000 [00:17<01:02, 128.32it/s] 20%|█▉        | 1991/10000 [00:17<01:03, 125.18it/s] 20%|██        | 2004/10000 [00:17<01:06, 121.00it/s] 20%|██        | 2026/10000 [00:17<00:55, 142.98it/s] 20%|██        | 2041/10000 [00:17<00:59, 134.82it/s] 21%|██        | 2055/10000 [00:17<01:06, 119.80it/s] 21%|██        | 2073/10000 [00:17<01:03, 124.35it/s] 21%|██        | 2086/10000 [00:18<01:10, 111.60it/s] 21%|██        | 2098/10000 [00:18<01:09, 113.41it/s] 21%|██        | 2110/10000 [00:18<01:16, 103.74it/s] 21%|██        | 2121/10000 [00:18<01:17, 101.09it/s] 21%|██▏       | 2134/10000 [00:18<01:15, 104.47it/s] 22%|██▏       | 2152/10000 [00:18<01:04, 122.43it/s] 22%|██▏       | 2165/10000 [00:18<01:10, 111.26it/s] 22%|██▏       | 2179/10000 [00:18<01:13, 106.05it/s] 22%|██▏       | 2191/10000 [00:18<01:11, 109.26it/s] 22%|██▏       | 2207/10000 [00:19<01:10, 111.30it/s] 22%|██▏       | 2227/10000 [00:19<01:06, 116.43it/s] 22%|██▏       | 2246/10000 [00:19<01:03, 122.69it/s] 23%|██▎       | 2262/10000 [00:19<01:04, 119.18it/s] 23%|██▎       | 2275/10000 [00:19<01:03, 120.89it/s] 23%|██▎       | 2288/10000 [00:19<01:07, 114.76it/s] 23%|██▎       | 2303/10000 [00:19<01:06, 115.55it/s] 23%|██▎       | 2320/10000 [00:20<01:05, 117.52it/s] 23%|██▎       | 2332/10000 [00:20<01:13, 104.11it/s] 24%|██▎       | 2354/10000 [00:20<01:01, 124.47it/s] 24%|██▎       | 2367/10000 [00:20<01:05, 115.67it/s] 24%|██▍       | 2382/10000 [00:20<01:08, 110.97it/s] 24%|██▍       | 2394/10000 [00:20<01:17, 98.60it/s]  24%|██▍       | 2410/10000 [00:20<01:14, 101.95it/s] 24%|██▍       | 2421/10000 [00:21<01:16, 99.29it/s]  24%|██▍       | 2435/10000 [00:21<01:11, 105.81it/s] 24%|██▍       | 2449/10000 [00:21<01:08, 109.76it/s] 25%|██▍       | 2465/10000 [00:21<01:07, 111.43it/s] 25%|██▍       | 2477/10000 [00:21<01:12, 103.49it/s] 25%|██▍       | 2491/10000 [00:21<01:08, 109.22it/s] 25%|██▌       | 2505/10000 [00:21<01:16, 98.45it/s]  25%|██▌       | 2527/10000 [00:22<01:05, 114.23it/s] 25%|██▌       | 2539/10000 [00:22<01:09, 107.61it/s] 26%|██▌       | 2554/10000 [00:22<01:14, 100.42it/s] 26%|██▌       | 2572/10000 [00:22<01:04, 115.26it/s] 26%|██▌       | 2584/10000 [00:22<01:05, 113.74it/s] 26%|██▌       | 2596/10000 [00:22<01:04, 114.20it/s] 26%|██▌       | 2610/10000 [00:22<01:05, 113.09it/s] 26%|██▌       | 2622/10000 [00:22<01:09, 106.69it/s] 26%|██▋       | 2638/10000 [00:23<01:06, 109.96it/s] 26%|██▋       | 2650/10000 [00:23<01:08, 107.94it/s] 27%|██▋       | 2661/10000 [00:23<01:13, 99.47it/s]  27%|██▋       | 2681/10000 [00:23<01:09, 105.45it/s] 27%|██▋       | 2692/10000 [00:23<01:10, 103.54it/s] 27%|██▋       | 2712/10000 [00:23<00:58, 123.67it/s] 27%|██▋       | 2727/10000 [00:23<01:11, 102.29it/s] 27%|██▋       | 2742/10000 [00:24<01:11, 100.96it/s] 28%|██▊       | 2763/10000 [00:24<01:03, 114.71it/s] 28%|██▊       | 2780/10000 [00:24<01:02, 115.20it/s] 28%|██▊       | 2794/10000 [00:24<01:04, 112.07it/s] 28%|██▊       | 2809/10000 [00:24<01:01, 116.53it/s] 28%|██▊       | 2821/10000 [00:24<01:03, 113.60it/s] 28%|██▊       | 2843/10000 [00:24<00:58, 121.87it/s] 29%|██▊       | 2856/10000 [00:24<01:03, 112.57it/s] 29%|██▊       | 2868/10000 [00:25<01:02, 113.96it/s] 29%|██▉       | 2880/10000 [00:25<01:08, 103.88it/s] 29%|██▉       | 2906/10000 [00:25<00:52, 135.53it/s] 29%|██▉       | 2920/10000 [00:25<01:05, 108.79it/s] 29%|██▉       | 2935/10000 [00:25<01:01, 115.47it/s] 29%|██▉       | 2949/10000 [00:25<01:01, 115.42it/s] 30%|██▉       | 2966/10000 [00:25<00:58, 120.13it/s] 30%|██▉       | 2979/10000 [00:26<01:01, 113.98it/s] 30%|██▉       | 2995/10000 [00:26<01:04, 109.30it/s] 30%|███       | 3015/10000 [00:26<01:00, 115.63it/s] 30%|███       | 3036/10000 [00:26<00:58, 119.48it/s] 31%|███       | 3054/10000 [00:26<00:53, 129.07it/s] 31%|███       | 3071/10000 [00:26<00:52, 132.08it/s] 31%|███       | 3085/10000 [00:26<00:54, 126.55it/s] 31%|███       | 3098/10000 [00:27<01:03, 109.06it/s] 31%|███       | 3124/10000 [00:27<00:48, 142.83it/s] 31%|███▏      | 3140/10000 [00:27<00:56, 121.85it/s] 32%|███▏      | 3154/10000 [00:27<00:56, 120.73it/s] 32%|███▏      | 3172/10000 [00:27<00:55, 123.14it/s] 32%|███▏      | 3191/10000 [00:27<00:54, 124.91it/s] 32%|███▏      | 3211/10000 [00:27<00:53, 127.70it/s] 32%|███▏      | 3230/10000 [00:28<00:53, 125.51it/s] 32%|███▏      | 3245/10000 [00:28<00:52, 128.26it/s] 33%|███▎      | 3263/10000 [00:28<00:58, 115.23it/s] 33%|███▎      | 3281/10000 [00:28<00:56, 119.46it/s] 33%|███▎      | 3294/10000 [00:28<01:02, 107.30it/s] 33%|███▎      | 3312/10000 [00:28<00:54, 121.68it/s] 33%|███▎      | 3325/10000 [00:28<00:56, 119.10it/s] 33%|███▎      | 3338/10000 [00:29<01:00, 109.95it/s] 34%|███▎      | 3351/10000 [00:29<01:13, 89.90it/s]  34%|███▍      | 3378/10000 [00:29<00:55, 119.84it/s] 34%|███▍      | 3391/10000 [00:29<00:55, 118.96it/s] 34%|███▍      | 3404/10000 [00:29<00:56, 116.25it/s] 34%|███▍      | 3420/10000 [00:29<00:52, 126.54it/s] 34%|███▍      | 3434/10000 [00:29<01:03, 102.78it/s] 34%|███▍      | 3450/10000 [00:30<00:59, 110.61it/s] 35%|███▍      | 3472/10000 [00:30<00:50, 128.46it/s] 35%|███▍      | 3494/10000 [00:30<00:48, 134.54it/s] 35%|███▌      | 3508/10000 [00:30<00:52, 123.12it/s] 35%|███▌      | 3525/10000 [00:30<00:50, 127.09it/s] 35%|███▌      | 3538/10000 [00:30<00:50, 126.96it/s] 36%|███▌      | 3556/10000 [00:30<00:47, 136.85it/s] 36%|███▌      | 3570/10000 [00:30<00:46, 137.39it/s] 36%|███▌      | 3589/10000 [00:31<00:49, 130.54it/s] 36%|███▌      | 3604/10000 [00:31<00:52, 121.50it/s] 36%|███▋      | 3625/10000 [00:31<00:48, 132.32it/s] 36%|███▋      | 3639/10000 [00:31<00:51, 124.52it/s] 37%|███▋      | 3660/10000 [00:31<00:45, 139.73it/s] 37%|███▋      | 3675/10000 [00:31<00:49, 127.07it/s] 37%|███▋      | 3688/10000 [00:31<01:00, 103.93it/s] 37%|███▋      | 3711/10000 [00:32<00:52, 119.43it/s] 37%|███▋      | 3728/10000 [00:32<00:50, 125.32it/s] 37%|███▋      | 3742/10000 [00:32<00:58, 107.57it/s] 38%|███▊      | 3758/10000 [00:32<01:07, 91.94it/s]  38%|███▊      | 3774/10000 [00:32<00:59, 104.84it/s] 38%|███▊      | 3793/10000 [00:32<00:51, 120.50it/s] 38%|███▊      | 3812/10000 [00:32<00:50, 122.95it/s] 38%|███▊      | 3826/10000 [00:33<00:48, 126.07it/s] 38%|███▊      | 3840/10000 [00:33<00:48, 127.74it/s] 39%|███▊      | 3854/10000 [00:33<00:51, 118.67it/s] 39%|███▊      | 3871/10000 [00:33<00:48, 127.17it/s] 39%|███▉      | 3889/10000 [00:33<00:43, 139.20it/s] 39%|███▉      | 3904/10000 [00:33<00:54, 111.67it/s] 39%|███▉      | 3926/10000 [00:33<00:49, 122.39it/s] 39%|███▉      | 3939/10000 [00:34<00:58, 104.37it/s] 40%|███▉      | 3959/10000 [00:34<00:51, 116.61it/s] 40%|███▉      | 3972/10000 [00:34<00:56, 107.39it/s] 40%|███▉      | 3985/10000 [00:34<00:59, 100.62it/s] 40%|████      | 4006/10000 [00:34<00:50, 118.50it/s] 40%|████      | 4019/10000 [00:34<00:51, 117.08it/s] 40%|████      | 4032/10000 [00:34<00:50, 117.21it/s] 40%|████      | 4044/10000 [00:34<00:53, 111.96it/s] 41%|████      | 4059/10000 [00:35<00:55, 106.66it/s] 41%|████      | 4070/10000 [00:35<01:00, 97.75it/s]  41%|████      | 4084/10000 [00:35<00:56, 105.05it/s] 41%|████      | 4107/10000 [00:35<00:46, 125.98it/s] 41%|████      | 4123/10000 [00:35<00:51, 113.47it/s] 41%|████▏     | 4137/10000 [00:35<00:55, 105.67it/s] 42%|████▏     | 4156/10000 [00:35<00:48, 121.30it/s] 42%|████▏     | 4176/10000 [00:36<00:44, 131.66it/s] 42%|████▏     | 4192/10000 [00:36<00:48, 120.27it/s] 42%|████▏     | 4208/10000 [00:36<00:45, 128.10it/s] 42%|████▏     | 4222/10000 [00:36<00:53, 107.74it/s] 42%|████▏     | 4247/10000 [00:36<00:43, 131.89it/s] 43%|████▎     | 4262/10000 [00:36<00:44, 128.96it/s] 43%|████▎     | 4279/10000 [00:36<00:41, 137.44it/s] 43%|████▎     | 4298/10000 [00:37<00:51, 109.76it/s] 43%|████▎     | 4314/10000 [00:37<00:52, 109.34it/s] 43%|████▎     | 4341/10000 [00:37<00:41, 137.62it/s] 44%|████▎     | 4357/10000 [00:37<00:47, 117.85it/s] 44%|████▍     | 4380/10000 [00:37<00:42, 132.20it/s] 44%|████▍     | 4397/10000 [00:37<00:47, 118.95it/s] 44%|████▍     | 4410/10000 [00:38<00:51, 109.06it/s] 44%|████▍     | 4423/10000 [00:38<00:49, 112.45it/s] 44%|████▍     | 4438/10000 [00:38<00:48, 115.17it/s] 45%|████▍     | 4456/10000 [00:38<00:49, 111.09it/s] 45%|████▍     | 4472/10000 [00:38<00:48, 113.10it/s] 45%|████▍     | 4494/10000 [00:38<00:43, 127.29it/s] 45%|████▌     | 4508/10000 [00:38<00:42, 128.92it/s] 45%|████▌     | 4522/10000 [00:38<00:44, 124.28it/s] 45%|████▌     | 4535/10000 [00:39<00:44, 124.18it/s] 45%|████▌     | 4548/10000 [00:39<00:48, 113.40it/s] 46%|████▌     | 4560/10000 [00:39<00:49, 109.48it/s] 46%|████▌     | 4577/10000 [00:39<00:44, 120.84it/s] 46%|████▌     | 4590/10000 [00:39<00:46, 115.34it/s] 46%|████▌     | 4602/10000 [00:39<00:50, 107.29it/s] 46%|████▌     | 4618/10000 [00:39<00:52, 102.85it/s] 46%|████▋     | 4639/10000 [00:40<00:46, 116.41it/s] 47%|████▋     | 4651/10000 [00:40<00:47, 113.67it/s] 47%|████▋     | 4667/10000 [00:40<00:52, 102.42it/s] 47%|████▋     | 4685/10000 [00:40<00:47, 111.30it/s] 47%|████▋     | 4697/10000 [00:40<00:50, 105.88it/s] 47%|████▋     | 4718/10000 [00:40<00:41, 127.76it/s] 47%|████▋     | 4732/10000 [00:40<00:49, 106.86it/s] 48%|████▊     | 4754/10000 [00:41<00:40, 128.34it/s] 48%|████▊     | 4772/10000 [00:41<00:39, 131.42it/s] 48%|████▊     | 4786/10000 [00:41<00:48, 106.99it/s] 48%|████▊     | 4803/10000 [00:41<00:45, 115.00it/s] 48%|████▊     | 4816/10000 [00:41<00:44, 115.38it/s] 48%|████▊     | 4829/10000 [00:41<00:51, 100.51it/s] 48%|████▊     | 4840/10000 [00:41<00:50, 101.22it/s] 49%|████▊     | 4860/10000 [00:41<00:41, 124.80it/s] 49%|████▊     | 4874/10000 [00:42<00:46, 110.71it/s] 49%|████▉     | 4888/10000 [00:42<00:44, 115.16it/s] 49%|████▉     | 4903/10000 [00:42<00:43, 116.75it/s] 49%|████▉     | 4918/10000 [00:42<00:40, 124.19it/s] 49%|████▉     | 4931/10000 [00:42<00:44, 114.95it/s] 49%|████▉     | 4946/10000 [00:42<00:42, 118.77it/s] 50%|████▉     | 4959/10000 [00:42<00:46, 107.87it/s] 50%|████▉     | 4977/10000 [00:43<00:47, 105.64it/s] 50%|████▉     | 4997/10000 [00:43<00:43, 116.10it/s] 50%|█████     | 5009/10000 [00:43<00:43, 114.95it/s] 50%|█████     | 5027/10000 [00:43<00:44, 112.18it/s] 50%|█████     | 5047/10000 [00:43<00:38, 129.18it/s] 51%|█████     | 5066/10000 [00:43<00:37, 131.98it/s] 51%|█████     | 5080/10000 [00:43<00:38, 127.10it/s] 51%|█████     | 5093/10000 [00:43<00:41, 116.84it/s] 51%|█████     | 5107/10000 [00:44<00:42, 115.30it/s] 51%|█████▏    | 5126/10000 [00:44<00:41, 117.91it/s] 51%|█████▏    | 5142/10000 [00:44<00:39, 122.60it/s] 52%|█████▏    | 5158/10000 [00:44<00:37, 129.92it/s] 52%|█████▏    | 5174/10000 [00:44<00:38, 124.04it/s] 52%|█████▏    | 5194/10000 [00:44<00:34, 137.98it/s] 52%|█████▏    | 5214/10000 [00:44<00:37, 129.20it/s] 52%|█████▏    | 5229/10000 [00:44<00:35, 133.27it/s] 52%|█████▏    | 5245/10000 [00:45<00:34, 137.50it/s] 53%|█████▎    | 5260/10000 [00:45<00:37, 127.20it/s] 53%|█████▎    | 5275/10000 [00:45<00:35, 131.78it/s] 53%|█████▎    | 5289/10000 [00:45<00:40, 116.02it/s] 53%|█████▎    | 5308/10000 [00:45<00:39, 119.31it/s] 53%|█████▎    | 5327/10000 [00:45<00:39, 119.80it/s] 53%|█████▎    | 5340/10000 [00:45<00:39, 118.57it/s] 54%|█████▎    | 5354/10000 [00:46<00:37, 122.69it/s] 54%|█████▎    | 5367/10000 [00:46<00:39, 117.42it/s] 54%|█████▍    | 5379/10000 [00:46<00:41, 110.91it/s] 54%|█████▍    | 5391/10000 [00:46<00:42, 108.14it/s] 54%|█████▍    | 5402/10000 [00:46<00:43, 105.16it/s] 54%|█████▍    | 5421/10000 [00:46<00:42, 107.84it/s] 54%|█████▍    | 5440/10000 [00:46<00:41, 111.15it/s] 55%|█████▍    | 5457/10000 [00:46<00:40, 113.20it/s] 55%|█████▍    | 5476/10000 [00:47<00:34, 130.15it/s] 55%|█████▍    | 5490/10000 [00:47<00:34, 131.40it/s] 55%|█████▌    | 5504/10000 [00:47<00:37, 118.89it/s] 55%|█████▌    | 5517/10000 [00:47<00:37, 118.35it/s] 55%|█████▌    | 5530/10000 [00:47<00:38, 115.69it/s] 55%|█████▌    | 5542/10000 [00:47<00:40, 110.46it/s] 56%|█████▌    | 5554/10000 [00:47<00:40, 111.14it/s] 56%|█████▌    | 5569/10000 [00:47<00:36, 121.10it/s] 56%|█████▌    | 5587/10000 [00:48<00:34, 127.24it/s] 56%|█████▌    | 5600/10000 [00:48<00:38, 115.11it/s] 56%|█████▋    | 5628/10000 [00:48<00:32, 136.57it/s] 57%|█████▋    | 5652/10000 [00:48<00:29, 148.86it/s] 57%|█████▋    | 5667/10000 [00:48<00:30, 142.64it/s] 57%|█████▋    | 5682/10000 [00:48<00:30, 140.94it/s] 57%|█████▋    | 5697/10000 [00:48<00:30, 142.87it/s] 57%|█████▋    | 5712/10000 [00:48<00:30, 139.72it/s] 57%|█████▋    | 5726/10000 [00:49<00:33, 126.95it/s] 57%|█████▋    | 5740/10000 [00:49<00:37, 112.69it/s] 58%|█████▊    | 5757/10000 [00:49<00:34, 124.50it/s] 58%|█████▊    | 5772/10000 [00:49<00:34, 124.28it/s] 58%|█████▊    | 5785/10000 [00:49<00:34, 123.55it/s] 58%|█████▊    | 5800/10000 [00:49<00:36, 116.52it/s] 58%|█████▊    | 5819/10000 [00:49<00:35, 118.95it/s] 58%|█████▊    | 5838/10000 [00:49<00:30, 135.84it/s] 59%|█████▊    | 5855/10000 [00:50<00:30, 136.27it/s] 59%|█████▊    | 5869/10000 [00:50<00:30, 135.75it/s] 59%|█████▉    | 5883/10000 [00:50<00:34, 118.60it/s] 59%|█████▉    | 5898/10000 [00:50<00:35, 116.95it/s] 59%|█████▉    | 5911/10000 [00:50<00:35, 116.53it/s] 59%|█████▉    | 5924/10000 [00:50<00:35, 116.22it/s] 59%|█████▉    | 5938/10000 [00:50<00:36, 111.11it/s] 60%|█████▉    | 5951/10000 [00:50<00:36, 110.44it/s] 60%|█████▉    | 5973/10000 [00:51<00:29, 135.80it/s] 60%|█████▉    | 5987/10000 [00:51<00:31, 128.05it/s] 60%|██████    | 6006/10000 [00:51<00:28, 139.90it/s] 60%|██████    | 6021/10000 [00:51<00:30, 132.63it/s] 60%|██████    | 6035/10000 [00:51<00:39, 100.38it/s] 60%|██████    | 6047/10000 [00:51<00:38, 101.44it/s] 61%|██████    | 6062/10000 [00:51<00:40, 98.28it/s]  61%|██████    | 6073/10000 [00:52<00:39, 100.40it/s] 61%|██████    | 6088/10000 [00:52<00:37, 104.19it/s] 61%|██████    | 6106/10000 [00:52<00:34, 112.22it/s] 61%|██████    | 6121/10000 [00:52<00:35, 109.28it/s] 61%|██████▏   | 6133/10000 [00:52<00:39, 98.66it/s]  62%|██████▏   | 6153/10000 [00:52<00:33, 115.52it/s] 62%|██████▏   | 6168/10000 [00:52<00:33, 115.82it/s] 62%|██████▏   | 6181/10000 [00:52<00:32, 117.55it/s] 62%|██████▏   | 6193/10000 [00:53<00:32, 116.67it/s] 62%|██████▏   | 6205/10000 [00:53<00:33, 114.98it/s] 62%|██████▏   | 6217/10000 [00:53<00:35, 108.03it/s] 62%|██████▏   | 6228/10000 [00:53<00:37, 100.36it/s] 62%|██████▏   | 6244/10000 [00:53<00:40, 93.03it/s]  63%|██████▎   | 6266/10000 [00:53<00:39, 94.25it/s] 63%|██████▎   | 6288/10000 [00:53<00:32, 114.43it/s] 63%|██████▎   | 6301/10000 [00:54<00:34, 105.96it/s] 63%|██████▎   | 6319/10000 [00:54<00:32, 113.61it/s] 63%|██████▎   | 6334/10000 [00:54<00:30, 121.50it/s] 63%|██████▎   | 6347/10000 [00:54<00:32, 111.81it/s] 64%|██████▎   | 6364/10000 [00:54<00:30, 120.00it/s] 64%|██████▍   | 6380/10000 [00:54<00:29, 122.85it/s] 64%|██████▍   | 6395/10000 [00:54<00:29, 124.29it/s] 64%|██████▍   | 6415/10000 [00:54<00:25, 139.85it/s] 64%|██████▍   | 6430/10000 [00:55<00:27, 130.94it/s] 64%|██████▍   | 6444/10000 [00:55<00:28, 125.68it/s] 65%|██████▍   | 6460/10000 [00:55<00:29, 118.09it/s] 65%|██████▍   | 6473/10000 [00:55<00:35, 98.30it/s]  65%|██████▌   | 6500/10000 [00:55<00:28, 124.68it/s] 65%|██████▌   | 6515/10000 [00:55<00:30, 114.22it/s] 65%|██████▌   | 6538/10000 [00:56<00:25, 134.86it/s] 66%|██████▌   | 6553/10000 [00:56<00:27, 123.23it/s] 66%|██████▌   | 6569/10000 [00:56<00:33, 103.51it/s] 66%|██████▌   | 6599/10000 [00:56<00:23, 142.59it/s] 66%|██████▌   | 6616/10000 [00:56<00:25, 133.74it/s] 66%|██████▋   | 6634/10000 [00:56<00:27, 122.33it/s] 66%|██████▋   | 6648/10000 [00:56<00:30, 109.37it/s] 67%|██████▋   | 6662/10000 [00:57<00:32, 103.52it/s] 67%|██████▋   | 6683/10000 [00:57<00:26, 125.55it/s] 67%|██████▋   | 6698/10000 [00:57<00:26, 122.47it/s] 67%|██████▋   | 6712/10000 [00:57<00:30, 109.26it/s] 67%|██████▋   | 6735/10000 [00:57<00:25, 126.10it/s] 67%|██████▋   | 6749/10000 [00:57<00:25, 128.19it/s] 68%|██████▊   | 6766/10000 [00:57<00:25, 125.59it/s] 68%|██████▊   | 6783/10000 [00:58<00:23, 136.26it/s] 68%|██████▊   | 6798/10000 [00:58<00:25, 126.99it/s] 68%|██████▊   | 6812/10000 [00:58<00:25, 124.53it/s] 68%|██████▊   | 6825/10000 [00:58<00:26, 121.78it/s] 68%|██████▊   | 6842/10000 [00:58<00:25, 125.88it/s] 69%|██████▊   | 6855/10000 [00:58<00:25, 125.26it/s] 69%|██████▊   | 6873/10000 [00:58<00:23, 130.89it/s] 69%|██████▉   | 6887/10000 [00:58<00:23, 132.49it/s] 69%|██████▉   | 6901/10000 [00:58<00:25, 119.93it/s] 69%|██████▉   | 6914/10000 [00:59<00:28, 107.81it/s] 69%|██████▉   | 6931/10000 [00:59<00:25, 122.74it/s] 69%|██████▉   | 6944/10000 [00:59<00:28, 108.81it/s] 70%|██████▉   | 6956/10000 [00:59<00:29, 101.96it/s] 70%|██████▉   | 6967/10000 [00:59<00:34, 88.84it/s]  70%|██████▉   | 6989/10000 [00:59<00:25, 117.52it/s] 70%|███████   | 7002/10000 [00:59<00:25, 116.33it/s] 70%|███████   | 7015/10000 [01:00<00:30, 99.06it/s]  70%|███████   | 7030/10000 [01:00<00:27, 107.12it/s] 70%|███████   | 7043/10000 [01:00<00:26, 112.05it/s] 71%|███████   | 7055/10000 [01:00<00:26, 112.32it/s] 71%|███████   | 7067/10000 [01:00<00:27, 104.82it/s] 71%|███████   | 7079/10000 [01:00<00:28, 102.61it/s] 71%|███████   | 7107/10000 [01:00<00:22, 126.34it/s] 71%|███████   | 7120/10000 [01:00<00:23, 121.99it/s] 71%|███████▏  | 7140/10000 [01:01<00:20, 139.09it/s] 72%|███████▏  | 7155/10000 [01:01<00:23, 118.65it/s] 72%|███████▏  | 7168/10000 [01:01<00:29, 97.16it/s]  72%|███████▏  | 7185/10000 [01:01<00:27, 103.73it/s] 72%|███████▏  | 7202/10000 [01:01<00:26, 104.35it/s] 72%|███████▏  | 7220/10000 [01:01<00:25, 107.20it/s] 72%|███████▏  | 7243/10000 [01:02<00:20, 132.62it/s] 73%|███████▎  | 7260/10000 [01:02<00:19, 140.65it/s] 73%|███████▎  | 7280/10000 [01:02<00:18, 146.91it/s] 73%|███████▎  | 7296/10000 [01:02<00:20, 130.37it/s] 73%|███████▎  | 7310/10000 [01:02<00:22, 120.01it/s] 73%|███████▎  | 7323/10000 [01:02<00:22, 116.59it/s] 73%|███████▎  | 7336/10000 [01:02<00:23, 111.27it/s] 73%|███████▎  | 7348/10000 [01:02<00:26, 99.67it/s]  74%|███████▎  | 7368/10000 [01:03<00:24, 107.78it/s] 74%|███████▍  | 7385/10000 [01:03<00:21, 120.78it/s] 74%|███████▍  | 7400/10000 [01:03<00:22, 116.85it/s] 74%|███████▍  | 7413/10000 [01:03<00:25, 102.51it/s] 74%|███████▍  | 7428/10000 [01:03<00:23, 111.72it/s] 74%|███████▍  | 7449/10000 [01:03<00:19, 134.08it/s] 75%|███████▍  | 7468/10000 [01:03<00:17, 142.68it/s] 75%|███████▍  | 7483/10000 [01:04<00:18, 134.58it/s] 75%|███████▍  | 7499/10000 [01:04<00:18, 134.92it/s] 75%|███████▌  | 7513/10000 [01:04<00:19, 126.51it/s] 75%|███████▌  | 7526/10000 [01:04<00:20, 122.42it/s] 75%|███████▌  | 7539/10000 [01:04<00:24, 99.52it/s]  76%|███████▌  | 7556/10000 [01:04<00:22, 108.67it/s] 76%|███████▌  | 7568/10000 [01:04<00:23, 101.78it/s] 76%|███████▌  | 7584/10000 [01:04<00:22, 107.04it/s] 76%|███████▌  | 7598/10000 [01:05<00:21, 113.12it/s] 76%|███████▌  | 7610/10000 [01:05<00:21, 113.14it/s] 76%|███████▌  | 7624/10000 [01:05<00:22, 107.32it/s] 76%|███████▋  | 7642/10000 [01:05<00:21, 109.98it/s] 77%|███████▋  | 7659/10000 [01:05<00:20, 112.72it/s] 77%|███████▋  | 7675/10000 [01:05<00:20, 113.55it/s] 77%|███████▋  | 7689/10000 [01:05<00:19, 116.49it/s] 77%|███████▋  | 7704/10000 [01:06<00:20, 109.80it/s] 77%|███████▋  | 7716/10000 [01:06<00:20, 111.37it/s] 77%|███████▋  | 7728/10000 [01:06<00:21, 104.96it/s] 77%|███████▋  | 7745/10000 [01:06<00:19, 117.53it/s] 78%|███████▊  | 7759/10000 [01:06<00:22, 98.87it/s]  78%|███████▊  | 7783/10000 [01:06<00:17, 125.21it/s] 78%|███████▊  | 7797/10000 [01:06<00:17, 128.13it/s] 78%|███████▊  | 7811/10000 [01:06<00:17, 122.77it/s] 78%|███████▊  | 7824/10000 [01:07<00:18, 115.59it/s] 78%|███████▊  | 7840/10000 [01:07<00:17, 125.64it/s] 79%|███████▊  | 7853/10000 [01:07<00:17, 120.46it/s] 79%|███████▊  | 7866/10000 [01:07<00:17, 120.51it/s] 79%|███████▉  | 7883/10000 [01:07<00:18, 113.87it/s] 79%|███████▉  | 7900/10000 [01:07<00:17, 120.37it/s] 79%|███████▉  | 7921/10000 [01:07<00:15, 134.36it/s] 79%|███████▉  | 7935/10000 [01:08<00:19, 105.91it/s] 80%|███████▉  | 7966/10000 [01:08<00:15, 135.58it/s] 80%|███████▉  | 7981/10000 [01:08<00:16, 123.58it/s] 80%|████████  | 8004/10000 [01:08<00:14, 140.94it/s] 80%|████████  | 8020/10000 [01:08<00:14, 136.16it/s] 80%|████████  | 8037/10000 [01:08<00:14, 137.42it/s] 81%|████████  | 8052/10000 [01:08<00:15, 125.34it/s] 81%|████████  | 8067/10000 [01:08<00:15, 126.13it/s] 81%|████████  | 8080/10000 [01:09<00:15, 121.57it/s] 81%|████████  | 8104/10000 [01:09<00:12, 148.58it/s] 81%|████████  | 8120/10000 [01:09<00:14, 126.49it/s] 81%|████████▏ | 8137/10000 [01:09<00:14, 131.76it/s] 82%|████████▏ | 8151/10000 [01:09<00:13, 132.17it/s] 82%|████████▏ | 8165/10000 [01:09<00:13, 133.30it/s] 82%|████████▏ | 8179/10000 [01:09<00:14, 125.57it/s] 82%|████████▏ | 8192/10000 [01:10<00:17, 100.77it/s] 82%|████████▏ | 8210/10000 [01:10<00:15, 114.62it/s] 82%|████████▏ | 8224/10000 [01:10<00:15, 112.22it/s] 82%|████████▏ | 8244/10000 [01:10<00:14, 119.21it/s] 83%|████████▎ | 8257/10000 [01:10<00:15, 114.86it/s] 83%|████████▎ | 8271/10000 [01:10<00:15, 109.44it/s] 83%|████████▎ | 8285/10000 [01:10<00:14, 115.13it/s] 83%|████████▎ | 8301/10000 [01:10<00:17, 97.47it/s]  83%|████████▎ | 8324/10000 [01:11<00:14, 117.93it/s] 83%|████████▎ | 8349/10000 [01:11<00:11, 144.87it/s] 84%|████████▎ | 8370/10000 [01:11<00:10, 156.68it/s] 84%|████████▍ | 8387/10000 [01:11<00:11, 142.69it/s] 84%|████████▍ | 8404/10000 [01:11<00:10, 146.92it/s] 84%|████████▍ | 8420/10000 [01:11<00:14, 108.94it/s] 84%|████████▍ | 8434/10000 [01:11<00:13, 114.16it/s] 85%|████████▍ | 8454/10000 [01:12<00:12, 120.52it/s] 85%|████████▍ | 8473/10000 [01:12<00:11, 127.91it/s] 85%|████████▍ | 8487/10000 [01:12<00:11, 128.45it/s] 85%|████████▌ | 8501/10000 [01:12<00:14, 105.16it/s] 85%|████████▌ | 8516/10000 [01:12<00:13, 107.06it/s] 85%|████████▌ | 8529/10000 [01:12<00:15, 97.73it/s]  85%|████████▌ | 8543/10000 [01:12<00:13, 105.01it/s] 86%|████████▌ | 8557/10000 [01:13<00:15, 93.83it/s]  86%|████████▌ | 8568/10000 [01:13<00:15, 94.29it/s] 86%|████████▌ | 8586/10000 [01:13<00:13, 107.84it/s] 86%|████████▌ | 8599/10000 [01:13<00:13, 104.18it/s] 86%|████████▌ | 8622/10000 [01:13<00:11, 118.77it/s] 86%|████████▋ | 8640/10000 [01:13<00:10, 132.05it/s] 87%|████████▋ | 8654/10000 [01:14<00:13, 96.80it/s]  87%|████████▋ | 8671/10000 [01:14<00:12, 106.55it/s] 87%|████████▋ | 8691/10000 [01:14<00:11, 114.45it/s] 87%|████████▋ | 8704/10000 [01:14<00:11, 110.97it/s] 87%|████████▋ | 8716/10000 [01:14<00:11, 107.40it/s] 87%|████████▋ | 8728/10000 [01:14<00:12, 103.37it/s] 87%|████████▋ | 8741/10000 [01:14<00:12, 101.66it/s] 88%|████████▊ | 8761/10000 [01:14<00:10, 120.85it/s] 88%|████████▊ | 8774/10000 [01:15<00:11, 110.54it/s] 88%|████████▊ | 8789/10000 [01:15<00:13, 87.67it/s]  88%|████████▊ | 8818/10000 [01:15<00:09, 121.71it/s] 88%|████████▊ | 8832/10000 [01:15<00:10, 116.49it/s] 88%|████████▊ | 8846/10000 [01:15<00:09, 115.51it/s] 89%|████████▊ | 8859/10000 [01:15<00:10, 108.72it/s] 89%|████████▉ | 8877/10000 [01:15<00:09, 115.45it/s] 89%|████████▉ | 8899/10000 [01:16<00:08, 122.77it/s] 89%|████████▉ | 8917/10000 [01:16<00:08, 129.30it/s] 89%|████████▉ | 8931/10000 [01:16<00:08, 121.51it/s] 90%|████████▉ | 8957/10000 [01:16<00:07, 147.45it/s] 90%|████████▉ | 8975/10000 [01:16<00:09, 112.22it/s] 90%|████████▉ | 8997/10000 [01:16<00:08, 120.93it/s] 90%|█████████ | 9013/10000 [01:17<00:08, 120.66it/s] 90%|█████████ | 9026/10000 [01:17<00:08, 121.08it/s] 90%|█████████ | 9044/10000 [01:17<00:08, 111.01it/s] 91%|█████████ | 9063/10000 [01:17<00:07, 119.88it/s] 91%|█████████ | 9076/10000 [01:17<00:07, 119.52it/s] 91%|█████████ | 9089/10000 [01:17<00:08, 108.66it/s] 91%|█████████ | 9106/10000 [01:17<00:07, 113.27it/s] 91%|█████████ | 9118/10000 [01:18<00:08, 108.08it/s] 91%|█████████▏| 9129/10000 [01:18<00:08, 103.60it/s] 91%|█████████▏| 9142/10000 [01:18<00:08, 107.05it/s] 92%|█████████▏| 9157/10000 [01:18<00:07, 106.76it/s] 92%|█████████▏| 9168/10000 [01:18<00:08, 98.96it/s]  92%|█████████▏| 9186/10000 [01:18<00:07, 112.54it/s] 92%|█████████▏| 9204/10000 [01:18<00:06, 122.83it/s] 92%|█████████▏| 9224/10000 [01:18<00:05, 133.54it/s] 92%|█████████▏| 9242/10000 [01:19<00:05, 142.86it/s] 93%|█████████▎| 9257/10000 [01:19<00:05, 137.57it/s] 93%|█████████▎| 9273/10000 [01:19<00:05, 141.75it/s] 93%|█████████▎| 9288/10000 [01:19<00:05, 121.34it/s] 93%|█████████▎| 9301/10000 [01:19<00:05, 117.26it/s] 93%|█████████▎| 9318/10000 [01:19<00:05, 130.12it/s] 93%|█████████▎| 9332/10000 [01:19<00:05, 129.29it/s] 94%|█████████▎| 9350/10000 [01:19<00:05, 127.50it/s] 94%|█████████▎| 9366/10000 [01:20<00:05, 121.76it/s] 94%|█████████▍| 9379/10000 [01:20<00:05, 114.44it/s] 94%|█████████▍| 9397/10000 [01:20<00:04, 123.86it/s] 94%|█████████▍| 9416/10000 [01:20<00:04, 125.82it/s] 94%|█████████▍| 9429/10000 [01:20<00:04, 122.53it/s] 94%|█████████▍| 9445/10000 [01:20<00:04, 117.56it/s] 95%|█████████▍| 9462/10000 [01:20<00:04, 122.38it/s] 95%|█████████▍| 9475/10000 [01:20<00:04, 119.81it/s] 95%|█████████▍| 9492/10000 [01:21<00:04, 112.15it/s] 95%|█████████▌| 9515/10000 [01:21<00:03, 131.82it/s] 95%|█████████▌| 9530/10000 [01:21<00:03, 132.29it/s] 95%|█████████▌| 9546/10000 [01:21<00:03, 127.98it/s] 96%|█████████▌| 9564/10000 [01:21<00:03, 139.09it/s] 96%|█████████▌| 9584/10000 [01:21<00:02, 139.60it/s] 96%|█████████▌| 9600/10000 [01:21<00:02, 138.59it/s] 96%|█████████▌| 9614/10000 [01:21<00:02, 137.10it/s] 96%|█████████▋| 9632/10000 [01:22<00:02, 133.42it/s] 96%|█████████▋| 9646/10000 [01:22<00:02, 131.91it/s] 97%|█████████▋| 9660/10000 [01:22<00:03, 106.91it/s] 97%|█████████▋| 9688/10000 [01:22<00:02, 129.65it/s] 97%|█████████▋| 9702/10000 [01:22<00:02, 131.50it/s] 97%|█████████▋| 9718/10000 [01:22<00:02, 134.51it/s] 97%|█████████▋| 9734/10000 [01:22<00:02, 129.53it/s] 97%|█████████▋| 9748/10000 [01:23<00:02, 119.64it/s] 98%|█████████▊| 9767/10000 [01:23<00:01, 129.18it/s] 98%|█████████▊| 9781/10000 [01:23<00:01, 128.12it/s] 98%|█████████▊| 9794/10000 [01:23<00:01, 118.24it/s] 98%|█████████▊| 9806/10000 [01:23<00:01, 116.00it/s] 98%|█████████▊| 9823/10000 [01:23<00:01, 114.80it/s] 98%|█████████▊| 9835/10000 [01:23<00:01, 115.82it/s] 98%|█████████▊| 9847/10000 [01:23<00:01, 110.35it/s] 99%|█████████▊| 9867/10000 [01:24<00:01, 115.84it/s] 99%|█████████▉| 9881/10000 [01:24<00:01, 112.54it/s] 99%|█████████▉| 9904/10000 [01:24<00:00, 124.76it/s] 99%|█████████▉| 9927/10000 [01:24<00:00, 146.32it/s] 99%|█████████▉| 9942/10000 [01:24<00:00, 118.56it/s]100%|█████████▉| 9957/10000 [01:24<00:00, 117.35it/s]100%|█████████▉| 9974/10000 [01:24<00:00, 128.04it/s]100%|█████████▉| 9988/10000 [01:25<00:00, 121.14it/s]100%|██████████| 10000/10000 [01:25<00:00, 117.50it/s]
2024-11-17 23:24:52.737 | DEBUG    | __main__:search:147 - queries_t,85.43382382392883
2024-11-17 23:24:52.738 | DEBUG    | utils:wrapper_measure_runtime:31 - Execution of search took 85.707s.
2024-11-17 23:24:52.804 | DEBUG    | __main__:task1:341 - Peak memory: 160864916
